<?xml version="1.0" encoding="UTF-8"?>
<testsuite name="regression Test"
           tests="2"
           failures="1"
           errors="0"
           skipped="0"
           time="4.903">
  <properties />
            <testcase name="verifyThatUserPlaceOrderSuccessfully" time="3.530" classname="com.tutorialsninja.demo.testuit.LaptopsAndNotebooksPageTest">
                <failure type="java.lang.StackOverflowError"
                  message="(null)"
              >
<![CDATA[java.lang.StackOverflowError
  java.lang.StringBuilder.append(StringBuilder.java:136)
  com.tutorialsninja.demo.pages.LaptopsAndNoteBooksPage.verifyTextMacBookInShopping(LaptopsAndNoteBooksPage.java:157)
  com.tutorialsninja.demo.pages.LaptopsAndNoteBooksPage.verifyTextMacBookInShopping(LaptopsAndNoteBooksPage.java:157)
  com.tutorialsninja.demo.pages.LaptopsAndNoteBooksPage.verifyTextMacBookInShopping(LaptopsAndNoteBooksPage.java:157)
  com.tutorialsninja.demo.pages.LaptopsAndNoteBooksPage.verifyTextMacBookInShopping(LaptopsAndNoteBooksPage.java:157)
  com.tutorialsninja.demo.pages.LaptopsAndNoteBooksPage.verifyTextMacBookInShopping(LaptopsAndNoteBooksPage.java:157)
  com.tutorialsninja.demo.pages.LaptopsAndNoteBooksPage.verifyTextMacBookInShopping(LaptopsAndNoteBooksPage.java:157)
  com.tutorialsninja.demo.pages.LaptopsAndNoteBooksPage.verifyTextMacBookInShopping(LaptopsAndNoteBooksPage.java:157)
  com.tutorialsninja.demo.pages.LaptopsAndNoteBooksPage.verifyTextMacBookInShopping(LaptopsAndNoteBooksPage.java:157)
  com.tutorialsninja.demo.pages.LaptopsAndNoteBooksPage.verifyTextMacBookInShopping(LaptopsAndNoteBooksPage.java:157)
  com.tutorialsninja.demo.pages.LaptopsAndNoteBooksPage.verifyTextMacBookInShopping(LaptopsAndNoteBooksPage.java:157)
  com.tutorialsninja.demo.pages.LaptopsAndNoteBooksPage.verifyTextMacBookInShopping(LaptopsAndNoteBooksPage.java:157)
  com.tutorialsninja.demo.pages.LaptopsAndNoteBooksPage.verifyTextMacBookInShopping(LaptopsAndNoteBooksPage.java:157)
  com.tutorialsninja.demo.pages.LaptopsAndNoteBooksPage.verifyTextMacBookInShopping(LaptopsAndNoteBooksPage.java:157)
  com.tutorialsninja.demo.pages.LaptopsAndNoteBooksPage.verifyTextMacBookInShopping(LaptopsAndNoteBooksPage.java:157)
  com.tutorialsninja.demo.pages.LaptopsAndNoteBooksPage.verifyTextMacBookInShopping(LaptopsAndNoteBooksPage.java:157)
  com.tutorialsninja.demo.pages.LaptopsAndNoteBooksPage.verifyTextMacBookInShopping(LaptopsAndNoteBooksPage.java:157)
  com.tutorialsninja.demo.pages.LaptopsAndNoteBooksPage.verifyTextMacBookInShopping(LaptopsAndNoteBooksPage.java:157)
  com.tutorialsninja.demo.pages.LaptopsAndNoteBooksPage.verifyTextMacBookInShopping(LaptopsAndNoteBooksPage.java:157)
  com.tutorialsninja.demo.pages.LaptopsAndNoteBooksPage.verifyTextMacBookInShopping(LaptopsAndNoteBooksPage.java:157)
  com.tutorialsninja.demo.pages.LaptopsAndNoteBooksPage.verifyTextMacBookInShopping(LaptopsAndNoteBooksPage.java:157)
  com.tutorialsninja.demo.pages.LaptopsAndNoteBooksPage.verifyTextMacBookInShopping(LaptopsAndNoteBooksPage.java:157)
  com.tutorialsninja.demo.pages.LaptopsAndNoteBooksPage.verifyTextMacBookInShopping(LaptopsAndNoteBooksPage.java:157)
  com.tutorialsninja.demo.pages.LaptopsAndNoteBooksPage.verifyTextMacBookInShopping(LaptopsAndNoteBooksPage.java:157)
  com.tutorialsninja.demo.pages.LaptopsAndNoteBooksPage.verifyTextMacBookInShopping(LaptopsAndNoteBooksPage.java:157)
  com.tutorialsninja.demo.pages.LaptopsAndNoteBooksPage.verifyTextMacBookInShopping(LaptopsAndNoteBooksPage.java:157)
  com.tutorialsninja.demo.pages.LaptopsAndNoteBooksPage.verifyTextMacBookInShopping(LaptopsAndNoteBooksPage.java:157)
  com.tutorialsninja.demo.pages.LaptopsAndNoteBooksPage.verifyTextMacBookInShopping(LaptopsAndNoteBooksPage.java:157)
  com.tutorialsninja.demo.pages.LaptopsAndNoteBooksPage.verifyTextMacBookInShopping(LaptopsAndNoteBooksPage.java:157)
  com.tutorialsninja.demo.pages.LaptopsAndNoteBooksPage.verifyTextMacBookInShopping(LaptopsAndNoteBooksPage.java:157)
  com.tutorialsninja.demo.pages.LaptopsAndNoteBooksPage.verifyTextMacBookInShopping(LaptopsAndNoteBooksPage.java:157)
  com.tutorialsninja.demo.pages.LaptopsAndNoteBooksPage.verifyTextMacBookInShopping(LaptopsAndNoteBooksPage.java:157)
  com.tutorialsninja.demo.pages.LaptopsAndNoteBooksPage.verifyTextMacBookInShopping(LaptopsAndNoteBooksPage.java:157)
  com.tutorialsninja.demo.pages.LaptopsAndNoteBooksPage.verifyTextMacBookInShopping(LaptopsAndNoteBooksPage.java:157)
  com.tutorialsninja.demo.pages.LaptopsAndNoteBooksPage.verifyTextMacBookInShopping(LaptopsAndNoteBooksPage.java:157)
  com.tutorialsninja.demo.pages.LaptopsAndNoteBooksPage.verifyTextMacBookInShopping(LaptopsAndNoteBooksPage.java:157)
  com.tutorialsninja.demo.pages.LaptopsAndNoteBooksPage.verifyTextMacBookInShopping(LaptopsAndNoteBooksPage.java:157)
  com.tutorialsninja.demo.pages.LaptopsAndNoteBooksPage.verifyTextMacBookInShopping(LaptopsAndNoteBooksPage.java:157)
  com.tutorialsninja.demo.pages.LaptopsAndNoteBooksPage.verifyTextMacBookInShopping(LaptopsAndNoteBooksPage.java:157)
  com.tutorialsninja.demo.pages.LaptopsAndNoteBooksPage.verifyTextMacBookInShopping(LaptopsAndNoteBooksPage.java:157)
  com.tutorialsninja.demo.pages.LaptopsAndNoteBooksPage.verifyTextMacBookInShopping(LaptopsAndNoteBooksPage.java:157)
  com.tutorialsninja.demo.pages.LaptopsAndNoteBooksPage.verifyTextMacBookInShopping(LaptopsAndNoteBooksPage.java:157)
  com.tutorialsninja.demo.pages.LaptopsAndNoteBooksPage.verifyTextMacBookInShopping(LaptopsAndNoteBooksPage.java:157)
  com.tutorialsninja.demo.pages.LaptopsAndNoteBooksPage.verifyTextMacBookInShopping(LaptopsAndNoteBooksPage.java:157)
  com.tutorialsninja.demo.pages.LaptopsAndNoteBooksPage.verifyTextMacBookInShopping(LaptopsAndNoteBooksPage.java:157)
  com.tutorialsninja.demo.pages.LaptopsAndNoteBooksPage.verifyTextMacBookInShopping(LaptopsAndNoteBooksPage.java:157)
  com.tutorialsninja.demo.pages.LaptopsAndNoteBooksPage.verifyTextMacBookInShopping(LaptopsAndNoteBooksPage.java:157)
  com.tutorialsninja.demo.pages.LaptopsAndNoteBooksPage.verifyTextMacBookInShopping(LaptopsAndNoteBooksPage.java:157)
  com.tutorialsninja.demo.pages.LaptopsAndNoteBooksPage.verifyTextMacBookInShopping(LaptopsAndNoteBooksPage.java:157)
  com.tutorialsninja.demo.pages.LaptopsAndNoteBooksPage.verifyTextMacBookInShopping(LaptopsAndNoteBooksPage.java:157)
  com.tutorialsninja.demo.pages.LaptopsAndNoteBooksPage.verifyTextMacBookInShopping(LaptopsAndNoteBooksPage.java:157)
  com.tutorialsninja.demo.pages.LaptopsAndNoteBooksPage.verifyTextMacBookInShopping(LaptopsAndNoteBooksPage.java:157)
  com.tutorialsninja.demo.pages.LaptopsAndNoteBooksPage.verifyTextMacBookInShopping(LaptopsAndNoteBooksPage.java:157)
  com.tutorialsninja.demo.pages.LaptopsAndNoteBooksPage.verifyTextMacBookInShopping(LaptopsAndNoteBooksPage.java:157)
  com.tutorialsninja.demo.pages.LaptopsAndNoteBooksPage.verifyTextMacBookInShopping(LaptopsAndNoteBooksPage.java:157)
  com.tutorialsninja.demo.pages.LaptopsAndNoteBooksPage.verifyTextMacBookInShopping(LaptopsAndNoteBooksPage.java:157)
  com.tutorialsninja.demo.pages.LaptopsAndNoteBooksPage.verifyTextMacBookInShopping(LaptopsAndNoteBooksPage.java:157)
  com.tutorialsninja.demo.pages.LaptopsAndNoteBooksPage.verifyTextMacBookInShopping(LaptopsAndNoteBooksPage.java:157)
  com.tutorialsninja.demo.pages.LaptopsAndNoteBooksPage.verifyTextMacBookInShopping(LaptopsAndNoteBooksPage.java:157)
  com.tutorialsninja.demo.pages.LaptopsAndNoteBooksPage.verifyTextMacBookInShopping(LaptopsAndNoteBooksPage.java:157)
  com.tutorialsninja.demo.pages.LaptopsAndNoteBooksPage.verifyTextMacBookInShopping(LaptopsAndNoteBooksPage.java:157)
  com.tutorialsninja.demo.pages.LaptopsAndNoteBooksPage.verifyTextMacBookInShopping(LaptopsAndNoteBooksPage.java:157)
  com.tutorialsninja.demo.pages.LaptopsAndNoteBooksPage.verifyTextMacBookInShopping(LaptopsAndNoteBooksPage.java:157)
  com.tutorialsninja.demo.pages.LaptopsAndNoteBooksPage.verifyTextMacBookInShopping(LaptopsAndNoteBooksPage.java:157)
  com.tutorialsninja.demo.pages.LaptopsAndNoteBooksPage.verifyTextMacBookInShopping(LaptopsAndNoteBooksPage.java:157)
  com.tutorialsninja.demo.pages.LaptopsAndNoteBooksPage.verifyTextMacBookInShopping(LaptopsAndNoteBooksPage.java:157)
  com.tutorialsninja.demo.pages.LaptopsAndNoteBooksPage.verifyTextMacBookInShopping(LaptopsAndNoteBooksPage.java:157)
  com.tutorialsninja.demo.pages.LaptopsAndNoteBooksPage.verifyTextMacBookInShopping(LaptopsAndNoteBooksPage.java:157)
  com.tutorialsninja.demo.pages.LaptopsAndNoteBooksPage.verifyTextMacBookInShopping(LaptopsAndNoteBooksPage.java:157)
  com.tutorialsninja.demo.pages.LaptopsAndNoteBooksPage.verifyTextMacBookInShopping(LaptopsAndNoteBooksPage.java:157)
  com.tutorialsninja.demo.pages.LaptopsAndNoteBooksPage.verifyTextMacBookInShopping(LaptopsAndNoteBooksPage.java:157)
  com.tutorialsninja.demo.pages.LaptopsAndNoteBooksPage.verifyTextMacBookInShopping(LaptopsAndNoteBooksPage.java:157)
  com.tutorialsninja.demo.pages.LaptopsAndNoteBooksPage.verifyTextMacBookInShopping(LaptopsAndNoteBooksPage.java:157)
  com.tutorialsninja.demo.pages.LaptopsAndNoteBooksPage.verifyTextMacBookInShopping(LaptopsAndNoteBooksPage.java:157)
  com.tutorialsninja.demo.pages.LaptopsAndNoteBooksPage.verifyTextMacBookInShopping(LaptopsAndNoteBooksPage.java:157)
  com.tutorialsninja.demo.pages.LaptopsAndNoteBooksPage.verifyTextMacBookInShopping(LaptopsAndNoteBooksPage.java:157)
  com.tutorialsninja.demo.pages.LaptopsAndNoteBooksPage.verifyTextMacBookInShopping(LaptopsAndNoteBooksPage.java:157)
  com.tutorialsninja.demo.pages.LaptopsAndNoteBooksPage.verifyTextMacBookInShopping(LaptopsAndNoteBooksPage.java:157)
  com.tutorialsninja.demo.pages.LaptopsAndNoteBooksPage.verifyTextMacBookInShopping(LaptopsAndNoteBooksPage.java:157)
  com.tutorialsninja.demo.pages.LaptopsAndNoteBooksPage.verifyTextMacBookInShopping(LaptopsAndNoteBooksPage.java:157)
  com.tutorialsninja.demo.pages.LaptopsAndNoteBooksPage.verifyTextMacBookInShopping(LaptopsAndNoteBooksPage.java:157)
  com.tutorialsninja.demo.pages.LaptopsAndNoteBooksPage.verifyTextMacBookInShopping(LaptopsAndNoteBooksPage.java:157)
  com.tutorialsninja.demo.pages.LaptopsAndNoteBooksPage.verifyTextMacBookInShopping(LaptopsAndNoteBooksPage.java:157)
  com.tutorialsninja.demo.pages.LaptopsAndNoteBooksPage.verifyTextMacBookInShopping(LaptopsAndNoteBooksPage.java:157)
  com.tutorialsninja.demo.pages.LaptopsAndNoteBooksPage.verifyTextMacBookInShopping(LaptopsAndNoteBooksPage.java:157)
  com.tutorialsninja.demo.pages.LaptopsAndNoteBooksPage.verifyTextMacBookInShopping(LaptopsAndNoteBooksPage.java:157)
  com.tutorialsninja.demo.pages.LaptopsAndNoteBooksPage.verifyTextMacBookInShopping(LaptopsAndNoteBooksPage.java:157)
  com.tutorialsninja.demo.pages.LaptopsAndNoteBooksPage.verifyTextMacBookInShopping(LaptopsAndNoteBooksPage.java:157)
  com.tutorialsninja.demo.pages.LaptopsAndNoteBooksPage.verifyTextMacBookInShopping(LaptopsAndNoteBooksPage.java:157)
  com.tutorialsninja.demo.pages.LaptopsAndNoteBooksPage.verifyTextMacBookInShopping(LaptopsAndNoteBooksPage.java:157)
  com.tutorialsninja.demo.pages.LaptopsAndNoteBooksPage.verifyTextMacBookInShopping(LaptopsAndNoteBooksPage.java:157)
  com.tutorialsninja.demo.pages.LaptopsAndNoteBooksPage.verifyTextMacBookInShopping(LaptopsAndNoteBooksPage.java:157)
  com.tutorialsninja.demo.pages.LaptopsAndNoteBooksPage.verifyTextMacBookInShopping(LaptopsAndNoteBooksPage.java:157)
  com.tutorialsninja.demo.pages.LaptopsAndNoteBooksPage.verifyTextMacBookInShopping(LaptopsAndNoteBooksPage.java:157)
  com.tutorialsninja.demo.pages.LaptopsAndNoteBooksPage.verifyTextMacBookInShopping(LaptopsAndNoteBooksPage.java:157)
  com.tutorialsninja.demo.pages.LaptopsAndNoteBooksPage.verifyTextMacBookInShopping(LaptopsAndNoteBooksPage.java:157)
  com.tutorialsninja.demo.pages.LaptopsAndNoteBooksPage.verifyTextMacBookInShopping(LaptopsAndNoteBooksPage.java:157)
  com.tutorialsninja.demo.pages.LaptopsAndNoteBooksPage.verifyTextMacBookInShopping(LaptopsAndNoteBooksPage.java:157)
  com.tutorialsninja.demo.pages.LaptopsAndNoteBooksPage.verifyTextMacBookInShopping(LaptopsAndNoteBooksPage.java:157)
  com.tutorialsninja.demo.pages.LaptopsAndNoteBooksPage.verifyTextMacBookInShopping(LaptopsAndNoteBooksPage.java:157)
  com.tutorialsninja.demo.pages.LaptopsAndNoteBooksPage.verifyTextMacBookInShopping(LaptopsAndNoteBooksPage.java:157)
  com.tutorialsninja.demo.pages.LaptopsAndNoteBooksPage.verifyTextMacBookInShopping(LaptopsAndNoteBooksPage.java:157)
  com.tutorialsninja.demo.pages.LaptopsAndNoteBooksPage.verifyTextMacBookInShopping(LaptopsAndNoteBooksPage.java:157)
  com.tutorialsninja.demo.pages.LaptopsAndNoteBooksPage.verifyTextMacBookInShopping(LaptopsAndNoteBooksPage.java:157)
  com.tutorialsninja.demo.pages.LaptopsAndNoteBooksPage.verifyTextMacBookInShopping(LaptopsAndNoteBooksPage.java:157)
  com.tutorialsninja.demo.pages.LaptopsAndNoteBooksPage.verifyTextMacBookInShopping(LaptopsAndNoteBooksPage.java:157)
  com.tutorialsninja.demo.pages.LaptopsAndNoteBooksPage.verifyTextMacBookInShopping(LaptopsAndNoteBooksPage.java:157)
  com.tutorialsninja.demo.pages.LaptopsAndNoteBooksPage.verifyTextMacBookInShopping(LaptopsAndNoteBooksPage.java:157)
  com.tutorialsninja.demo.pages.LaptopsAndNoteBooksPage.verifyTextMacBookInShopping(LaptopsAndNoteBooksPage.java:157)
  com.tutorialsninja.demo.pages.LaptopsAndNoteBooksPage.verifyTextMacBookInShopping(LaptopsAndNoteBooksPage.java:157)
  com.tutorialsninja.demo.pages.LaptopsAndNoteBooksPage.verifyTextMacBookInShopping(LaptopsAndNoteBooksPage.java:157)
  com.tutorialsninja.demo.pages.LaptopsAndNoteBooksPage.verifyTextMacBookInShopping(LaptopsAndNoteBooksPage.java:157)
  com.tutorialsninja.demo.pages.LaptopsAndNoteBooksPage.verifyTextMacBookInShopping(LaptopsAndNoteBooksPage.java:157)
  com.tutorialsninja.demo.pages.LaptopsAndNoteBooksPage.verifyTextMacBookInShopping(LaptopsAndNoteBooksPage.java:157)
  com.tutorialsninja.demo.pages.LaptopsAndNoteBooksPage.verifyTextMacBookInShopping(LaptopsAndNoteBooksPage.java:157)
  com.tutorialsninja.demo.pages.LaptopsAndNoteBooksPage.verifyTextMacBookInShopping(LaptopsAndNoteBooksPage.java:157)
  com.tutorialsninja.demo.pages.LaptopsAndNoteBooksPage.verifyTextMacBookInShopping(LaptopsAndNoteBooksPage.java:157)
  com.tutorialsninja.demo.pages.LaptopsAndNoteBooksPage.verifyTextMacBookInShopping(LaptopsAndNoteBooksPage.java:157)
  com.tutorialsninja.demo.pages.LaptopsAndNoteBooksPage.verifyTextMacBookInShopping(LaptopsAndNoteBooksPage.java:157)
  com.tutorialsninja.demo.pages.LaptopsAndNoteBooksPage.verifyTextMacBookInShopping(LaptopsAndNoteBooksPage.java:157)
  com.tutorialsninja.demo.pages.LaptopsAndNoteBooksPage.verifyTextMacBookInShopping(LaptopsAndNoteBooksPage.java:157)
  com.tutorialsninja.demo.pages.LaptopsAndNoteBooksPage.verifyTextMacBookInShopping(LaptopsAndNoteBooksPage.java:157)
  com.tutorialsninja.demo.pages.LaptopsAndNoteBooksPage.verifyTextMacBookInShopping(LaptopsAndNoteBooksPage.java:157)
  com.tutorialsninja.demo.pages.LaptopsAndNoteBooksPage.verifyTextMacBookInShopping(LaptopsAndNoteBooksPage.java:157)
  com.tutorialsninja.demo.pages.LaptopsAndNoteBooksPage.verifyTextMacBookInShopping(LaptopsAndNoteBooksPage.java:157)
  com.tutorialsninja.demo.pages.LaptopsAndNoteBooksPage.verifyTextMacBookInShopping(LaptopsAndNoteBooksPage.java:157)
  com.tutorialsninja.demo.pages.LaptopsAndNoteBooksPage.verifyTextMacBookInShopping(LaptopsAndNoteBooksPage.java:157)
  com.tutorialsninja.demo.pages.LaptopsAndNoteBooksPage.verifyTextMacBookInShopping(LaptopsAndNoteBooksPage.java:157)
  com.tutorialsninja.demo.pages.LaptopsAndNoteBooksPage.verifyTextMacBookInShopping(LaptopsAndNoteBooksPage.java:157)
  com.tutorialsninja.demo.pages.LaptopsAndNoteBooksPage.verifyTextMacBookInShopping(LaptopsAndNoteBooksPage.java:157)
  com.tutorialsninja.demo.pages.LaptopsAndNoteBooksPage.verifyTextMacBookInShopping(LaptopsAndNoteBooksPage.java:157)
  com.tutorialsninja.demo.pages.LaptopsAndNoteBooksPage.verifyTextMacBookInShopping(LaptopsAndNoteBooksPage.java:157)
  com.tutorialsninja.demo.pages.LaptopsAndNoteBooksPage.verifyTextMacBookInShopping(LaptopsAndNoteBooksPage.java:157)
  com.tutorialsninja.demo.pages.LaptopsAndNoteBooksPage.verifyTextMacBookInShopping(LaptopsAndNoteBooksPage.java:157)
  com.tutorialsninja.demo.pages.LaptopsAndNoteBooksPage.verifyTextMacBookInShopping(LaptopsAndNoteBooksPage.java:157)
  com.tutorialsninja.demo.pages.LaptopsAndNoteBooksPage.verifyTextMacBookInShopping(LaptopsAndNoteBooksPage.java:157)
  com.tutorialsninja.demo.pages.LaptopsAndNoteBooksPage.verifyTextMacBookInShopping(LaptopsAndNoteBooksPage.java:157)
  com.tutorialsninja.demo.pages.LaptopsAndNoteBooksPage.verifyTextMacBookInShopping(LaptopsAndNoteBooksPage.java:157)
  com.tutorialsninja.demo.pages.LaptopsAndNoteBooksPage.verifyTextMacBookInShopping(LaptopsAndNoteBooksPage.java:157)
  com.tutorialsninja.demo.pages.LaptopsAndNoteBooksPage.verifyTextMacBookInShopping(LaptopsAndNoteBooksPage.java:157)
  com.tutorialsninja.demo.pages.LaptopsAndNoteBooksPage.verifyTextMacBookInShopping(LaptopsAndNoteBooksPage.java:157)
  com.tutorialsninja.demo.pages.LaptopsAndNoteBooksPage.verifyTextMacBookInShopping(LaptopsAndNoteBooksPage.java:157)
  com.tutorialsninja.demo.pages.LaptopsAndNoteBooksPage.verifyTextMacBookInShopping(LaptopsAndNoteBooksPage.java:157)
  com.tutorialsninja.demo.pages.LaptopsAndNoteBooksPage.verifyTextMacBookInShopping(LaptopsAndNoteBooksPage.java:157)
  com.tutorialsninja.demo.pages.LaptopsAndNoteBooksPage.verifyTextMacBookInShopping(LaptopsAndNoteBooksPage.java:157)
  com.tutorialsninja.demo.pages.LaptopsAndNoteBooksPage.verifyTextMacBookInShopping(LaptopsAndNoteBooksPage.java:157)
  com.tutorialsninja.demo.pages.LaptopsAndNoteBooksPage.verifyTextMacBookInShopping(LaptopsAndNoteBooksPage.java:157)
  com.tutorialsninja.demo.pages.LaptopsAndNoteBooksPage.verifyTextMacBookInShopping(LaptopsAndNoteBooksPage.java:157)
  com.tutorialsninja.demo.pages.LaptopsAndNoteBooksPage.verifyTextMacBookInShopping(LaptopsAndNoteBooksPage.java:157)
  com.tutorialsninja.demo.pages.LaptopsAndNoteBooksPage.verifyTextMacBookInShopping(LaptopsAndNoteBooksPage.java:157)
  com.tutorialsninja.demo.pages.LaptopsAndNoteBooksPage.verifyTextMacBookInShopping(LaptopsAndNoteBooksPage.java:157)
  com.tutorialsninja.demo.pages.LaptopsAndNoteBooksPage.verifyTextMacBookInShopping(LaptopsAndNoteBooksPage.java:157)
  com.tutorialsninja.demo.pages.LaptopsAndNoteBooksPage.verifyTextMacBookInShopping(LaptopsAndNoteBooksPage.java:157)
  com.tutorialsninja.demo.pages.LaptopsAndNoteBooksPage.verifyTextMacBookInShopping(LaptopsAndNoteBooksPage.java:157)
  com.tutorialsninja.demo.pages.LaptopsAndNoteBooksPage.verifyTextMacBookInShopping(LaptopsAndNoteBooksPage.java:157)
  com.tutorialsninja.demo.pages.LaptopsAndNoteBooksPage.verifyTextMacBookInShopping(LaptopsAndNoteBooksPage.java:157)
  com.tutorialsninja.demo.pages.LaptopsAndNoteBooksPage.verifyTextMacBookInShopping(LaptopsAndNoteBooksPage.java:157)
  com.tutorialsninja.demo.pages.LaptopsAndNoteBooksPage.verifyTextMacBookInShopping(LaptopsAndNoteBooksPage.java:157)
  com.tutorialsninja.demo.pages.LaptopsAndNoteBooksPage.verifyTextMacBookInShopping(LaptopsAndNoteBooksPage.java:157)
  com.tutorialsninja.demo.pages.LaptopsAndNoteBooksPage.verifyTextMacBookInShopping(LaptopsAndNoteBooksPage.java:157)
  com.tutorialsninja.demo.pages.LaptopsAndNoteBooksPage.verifyTextMacBookInShopping(LaptopsAndNoteBooksPage.java:157)
  com.tutorialsninja.demo.pages.LaptopsAndNoteBooksPage.verifyTextMacBookInShopping(LaptopsAndNoteBooksPage.java:157)
  com.tutorialsninja.demo.pages.LaptopsAndNoteBooksPage.verifyTextMacBookInShopping(LaptopsAndNoteBooksPage.java:157)
  com.tutorialsninja.demo.pages.LaptopsAndNoteBooksPage.verifyTextMacBookInShopping(LaptopsAndNoteBooksPage.java:157)
  com.tutorialsninja.demo.pages.LaptopsAndNoteBooksPage.verifyTextMacBookInShopping(LaptopsAndNoteBooksPage.java:157)
  com.tutorialsninja.demo.pages.LaptopsAndNoteBooksPage.verifyTextMacBookInShopping(LaptopsAndNoteBooksPage.java:157)
  com.tutorialsninja.demo.pages.LaptopsAndNoteBooksPage.verifyTextMacBookInShopping(LaptopsAndNoteBooksPage.java:157)
  com.tutorialsninja.demo.pages.LaptopsAndNoteBooksPage.verifyTextMacBookInShopping(LaptopsAndNoteBooksPage.java:157)
  com.tutorialsninja.demo.pages.LaptopsAndNoteBooksPage.verifyTextMacBookInShopping(LaptopsAndNoteBooksPage.java:157)
  com.tutorialsninja.demo.pages.LaptopsAndNoteBooksPage.verifyTextMacBookInShopping(LaptopsAndNoteBooksPage.java:157)
  com.tutorialsninja.demo.pages.LaptopsAndNoteBooksPage.verifyTextMacBookInShopping(LaptopsAndNoteBooksPage.java:157)
  com.tutorialsninja.demo.pages.LaptopsAndNoteBooksPage.verifyTextMacBookInShopping(LaptopsAndNoteBooksPage.java:157)
  com.tutorialsninja.demo.pages.LaptopsAndNoteBooksPage.verifyTextMacBookInShopping(LaptopsAndNoteBooksPage.java:157)
  com.tutorialsninja.demo.pages.LaptopsAndNoteBooksPage.verifyTextMacBookInShopping(LaptopsAndNoteBooksPage.java:157)
  com.tutorialsninja.demo.pages.LaptopsAndNoteBooksPage.verifyTextMacBookInShopping(LaptopsAndNoteBooksPage.java:157)
  com.tutorialsninja.demo.pages.LaptopsAndNoteBooksPage.verifyTextMacBookInShopping(LaptopsAndNoteBooksPage.java:157)
  com.tutorialsninja.demo.pages.LaptopsAndNoteBooksPage.verifyTextMacBookInShopping(LaptopsAndNoteBooksPage.java:157)
  com.tutorialsninja.demo.pages.LaptopsAndNoteBooksPage.verifyTextMacBookInShopping(LaptopsAndNoteBooksPage.java:157)
  com.tutorialsninja.demo.pages.LaptopsAndNoteBooksPage.verifyTextMacBookInShopping(LaptopsAndNoteBooksPage.java:157)
  com.tutorialsninja.demo.pages.LaptopsAndNoteBooksPage.verifyTextMacBookInShopping(LaptopsAndNoteBooksPage.java:157)
  com.tutorialsninja.demo.pages.LaptopsAndNoteBooksPage.verifyTextMacBookInShopping(LaptopsAndNoteBooksPage.java:157)
  com.tutorialsninja.demo.pages.LaptopsAndNoteBooksPage.verifyTextMacBookInShopping(LaptopsAndNoteBooksPage.java:157)
  com.tutorialsninja.demo.pages.LaptopsAndNoteBooksPage.verifyTextMacBookInShopping(LaptopsAndNoteBooksPage.java:157)
  com.tutorialsninja.demo.pages.LaptopsAndNoteBooksPage.verifyTextMacBookInShopping(LaptopsAndNoteBooksPage.java:157)
  com.tutorialsninja.demo.pages.LaptopsAndNoteBooksPage.verifyTextMacBookInShopping(LaptopsAndNoteBooksPage.java:157)
  com.tutorialsninja.demo.pages.LaptopsAndNoteBooksPage.verifyTextMacBookInShopping(LaptopsAndNoteBooksPage.java:157)
  com.tutorialsninja.demo.pages.LaptopsAndNoteBooksPage.verifyTextMacBookInShopping(LaptopsAndNoteBooksPage.java:157)
  com.tutorialsninja.demo.pages.LaptopsAndNoteBooksPage.verifyTextMacBookInShopping(LaptopsAndNoteBooksPage.java:157)
  com.tutorialsninja.demo.pages.LaptopsAndNoteBooksPage.verifyTextMacBookInShopping(LaptopsAndNoteBooksPage.java:157)
  com.tutorialsninja.demo.pages.LaptopsAndNoteBooksPage.verifyTextMacBookInShopping(LaptopsAndNoteBooksPage.java:157)
  com.tutorialsninja.demo.pages.LaptopsAndNoteBooksPage.verifyTextMacBookInShopping(LaptopsAndNoteBooksPage.java:157)
  com.tutorialsninja.demo.pages.LaptopsAndNoteBooksPage.verifyTextMacBookInShopping(LaptopsAndNoteBooksPage.java:157)
  com.tutorialsninja.demo.pages.LaptopsAndNoteBooksPage.verifyTextMacBookInShopping(LaptopsAndNoteBooksPage.java:157)
  com.tutorialsninja.demo.pages.LaptopsAndNoteBooksPage.verifyTextMacBookInShopping(LaptopsAndNoteBooksPage.java:157)
  com.tutorialsninja.demo.pages.LaptopsAndNoteBooksPage.verifyTextMacBookInShopping(LaptopsAndNoteBooksPage.java:157)
  com.tutorialsninja.demo.pages.LaptopsAndNoteBooksPage.verifyTextMacBookInShopping(LaptopsAndNoteBooksPage.java:157)
  com.tutorialsninja.demo.pages.LaptopsAndNoteBooksPage.verifyTextMacBookInShopping(LaptopsAndNoteBooksPage.java:157)
  com.tutorialsninja.demo.pages.LaptopsAndNoteBooksPage.verifyTextMacBookInShopping(LaptopsAndNoteBooksPage.java:157)
  com.tutorialsninja.demo.pages.LaptopsAndNoteBooksPage.verifyTextMacBookInShopping(LaptopsAndNoteBooksPage.java:157)
  com.tutorialsninja.demo.pages.LaptopsAndNoteBooksPage.verifyTextMacBookInShopping(LaptopsAndNoteBooksPage.java:157)
  com.tutorialsninja.demo.pages.LaptopsAndNoteBooksPage.verifyTextMacBookInShopping(LaptopsAndNoteBooksPage.java:157)
  com.tutorialsninja.demo.pages.LaptopsAndNoteBooksPage.verifyTextMacBookInShopping(LaptopsAndNoteBooksPage.java:157)
  com.tutorialsninja.demo.pages.LaptopsAndNoteBooksPage.verifyTextMacBookInShopping(LaptopsAndNoteBooksPage.java:157)
  com.tutorialsninja.demo.pages.LaptopsAndNoteBooksPage.verifyTextMacBookInShopping(LaptopsAndNoteBooksPage.java:157)
  com.tutorialsninja.demo.pages.LaptopsAndNoteBooksPage.verifyTextMacBookInShopping(LaptopsAndNoteBooksPage.java:157)
  com.tutorialsninja.demo.pages.LaptopsAndNoteBooksPage.verifyTextMacBookInShopping(LaptopsAndNoteBooksPage.java:157)
  com.tutorialsninja.demo.pages.LaptopsAndNoteBooksPage.verifyTextMacBookInShopping(LaptopsAndNoteBooksPage.java:157)
  com.tutorialsninja.demo.pages.LaptopsAndNoteBooksPage.verifyTextMacBookInShopping(LaptopsAndNoteBooksPage.java:157)
  com.tutorialsninja.demo.pages.LaptopsAndNoteBooksPage.verifyTextMacBookInShopping(LaptopsAndNoteBooksPage.java:157)
  com.tutorialsninja.demo.pages.LaptopsAndNoteBooksPage.verifyTextMacBookInShopping(LaptopsAndNoteBooksPage.java:157)
  com.tutorialsninja.demo.pages.LaptopsAndNoteBooksPage.verifyTextMacBookInShopping(LaptopsAndNoteBooksPage.java:157)
  com.tutorialsninja.demo.pages.LaptopsAndNoteBooksPage.verifyTextMacBookInShopping(LaptopsAndNoteBooksPage.java:157)
  com.tutorialsninja.demo.pages.LaptopsAndNoteBooksPage.verifyTextMacBookInShopping(LaptopsAndNoteBooksPage.java:157)
  com.tutorialsninja.demo.pages.LaptopsAndNoteBooksPage.verifyTextMacBookInShopping(LaptopsAndNoteBooksPage.java:157)
  com.tutorialsninja.demo.pages.LaptopsAndNoteBooksPage.verifyTextMacBookInShopping(LaptopsAndNoteBooksPage.java:157)
  com.tutorialsninja.demo.pages.LaptopsAndNoteBooksPage.verifyTextMacBookInShopping(LaptopsAndNoteBooksPage.java:157)
  com.tutorialsninja.demo.pages.LaptopsAndNoteBooksPage.verifyTextMacBookInShopping(LaptopsAndNoteBooksPage.java:157)
  com.tutorialsninja.demo.pages.LaptopsAndNoteBooksPage.verifyTextMacBookInShopping(LaptopsAndNoteBooksPage.java:157)
  com.tutorialsninja.demo.pages.LaptopsAndNoteBooksPage.verifyTextMacBookInShopping(LaptopsAndNoteBooksPage.java:157)
  com.tutorialsninja.demo.pages.LaptopsAndNoteBooksPage.verifyTextMacBookInShopping(LaptopsAndNoteBooksPage.java:157)
  com.tutorialsninja.demo.pages.LaptopsAndNoteBooksPage.verifyTextMacBookInShopping(LaptopsAndNoteBooksPage.java:157)
  com.tutorialsninja.demo.pages.LaptopsAndNoteBooksPage.verifyTextMacBookInShopping(LaptopsAndNoteBooksPage.java:157)
  com.tutorialsninja.demo.pages.LaptopsAndNoteBooksPage.verifyTextMacBookInShopping(LaptopsAndNoteBooksPage.java:157)
  com.tutorialsninja.demo.pages.LaptopsAndNoteBooksPage.verifyTextMacBookInShopping(LaptopsAndNoteBooksPage.java:157)
  com.tutorialsninja.demo.pages.LaptopsAndNoteBooksPage.verifyTextMacBookInShopping(LaptopsAndNoteBooksPage.java:157)
  com.tutorialsninja.demo.pages.LaptopsAndNoteBooksPage.verifyTextMacBookInShopping(LaptopsAndNoteBooksPage.java:157)
  com.tutorialsninja.demo.pages.LaptopsAndNoteBooksPage.verifyTextMacBookInShopping(LaptopsAndNoteBooksPage.java:157)
  com.tutorialsninja.demo.pages.LaptopsAndNoteBooksPage.verifyTextMacBookInShopping(LaptopsAndNoteBooksPage.java:157)
  com.tutorialsninja.demo.pages.LaptopsAndNoteBooksPage.verifyTextMacBookInShopping(LaptopsAndNoteBooksPage.java:157)
  com.tutorialsninja.demo.pages.LaptopsAndNoteBooksPage.verifyTextMacBookInShopping(LaptopsAndNoteBooksPage.java:157)
  com.tutorialsninja.demo.pages.LaptopsAndNoteBooksPage.verifyTextMacBookInShopping(LaptopsAndNoteBooksPage.java:157)
  com.tutorialsninja.demo.pages.LaptopsAndNoteBooksPage.verifyTextMacBookInShopping(LaptopsAndNoteBooksPage.java:157)
  com.tutorialsninja.demo.pages.LaptopsAndNoteBooksPage.verifyTextMacBookInShopping(LaptopsAndNoteBooksPage.java:157)
  com.tutorialsninja.demo.pages.LaptopsAndNoteBooksPage.verifyTextMacBookInShopping(LaptopsAndNoteBooksPage.java:157)
  com.tutorialsninja.demo.pages.LaptopsAndNoteBooksPage.verifyTextMacBookInShopping(LaptopsAndNoteBooksPage.java:157)
  com.tutorialsninja.demo.pages.LaptopsAndNoteBooksPage.verifyTextMacBookInShopping(LaptopsAndNoteBooksPage.java:157)
  com.tutorialsninja.demo.pages.LaptopsAndNoteBooksPage.verifyTextMacBookInShopping(LaptopsAndNoteBooksPage.java:157)
  com.tutorialsninja.demo.pages.LaptopsAndNoteBooksPage.verifyTextMacBookInShopping(LaptopsAndNoteBooksPage.java:157)
  com.tutorialsninja.demo.pages.LaptopsAndNoteBooksPage.verifyTextMacBookInShopping(LaptopsAndNoteBooksPage.java:157)
  com.tutorialsninja.demo.pages.LaptopsAndNoteBooksPage.verifyTextMacBookInShopping(LaptopsAndNoteBooksPage.java:157)
  com.tutorialsninja.demo.pages.LaptopsAndNoteBooksPage.verifyTextMacBookInShopping(LaptopsAndNoteBooksPage.java:157)
  com.tutorialsninja.demo.pages.LaptopsAndNoteBooksPage.verifyTextMacBookInShopping(LaptopsAndNoteBooksPage.java:157)
  com.tutorialsninja.demo.pages.LaptopsAndNoteBooksPage.verifyTextMacBookInShopping(LaptopsAndNoteBooksPage.java:157)
  com.tutorialsninja.demo.pages.LaptopsAndNoteBooksPage.verifyTextMacBookInShopping(LaptopsAndNoteBooksPage.java:157)
  com.tutorialsninja.demo.pages.LaptopsAndNoteBooksPage.verifyTextMacBookInShopping(LaptopsAndNoteBooksPage.java:157)
  com.tutorialsninja.demo.pages.LaptopsAndNoteBooksPage.verifyTextMacBookInShopping(LaptopsAndNoteBooksPage.java:157)
  com.tutorialsninja.demo.pages.LaptopsAndNoteBooksPage.verifyTextMacBookInShopping(LaptopsAndNoteBooksPage.java:157)
  com.tutorialsninja.demo.pages.LaptopsAndNoteBooksPage.verifyTextMacBookInShopping(LaptopsAndNoteBooksPage.java:157)
  com.tutorialsninja.demo.pages.LaptopsAndNoteBooksPage.verifyTextMacBookInShopping(LaptopsAndNoteBooksPage.java:157)
  com.tutorialsninja.demo.pages.LaptopsAndNoteBooksPage.verifyTextMacBookInShopping(LaptopsAndNoteBooksPage.java:157)
  com.tutorialsninja.demo.pages.LaptopsAndNoteBooksPage.verifyTextMacBookInShopping(LaptopsAndNoteBooksPage.java:157)
  com.tutorialsninja.demo.pages.LaptopsAndNoteBooksPage.verifyTextMacBookInShopping(LaptopsAndNoteBooksPage.java:157)
  com.tutorialsninja.demo.pages.LaptopsAndNoteBooksPage.verifyTextMacBookInShopping(LaptopsAndNoteBooksPage.java:157)
  com.tutorialsninja.demo.pages.LaptopsAndNoteBooksPage.verifyTextMacBookInShopping(LaptopsAndNoteBooksPage.java:157)
  com.tutorialsninja.demo.pages.LaptopsAndNoteBooksPage.verifyTextMacBookInShopping(LaptopsAndNoteBooksPage.java:157)
  com.tutorialsninja.demo.pages.LaptopsAndNoteBooksPage.verifyTextMacBookInShopping(LaptopsAndNoteBooksPage.java:157)
  com.tutorialsninja.demo.pages.LaptopsAndNoteBooksPage.verifyTextMacBookInShopping(LaptopsAndNoteBooksPage.java:157)
  com.tutorialsninja.demo.pages.LaptopsAndNoteBooksPage.verifyTextMacBookInShopping(LaptopsAndNoteBooksPage.java:157)
  com.tutorialsninja.demo.pages.LaptopsAndNoteBooksPage.verifyTextMacBookInShopping(LaptopsAndNoteBooksPage.java:157)
  com.tutorialsninja.demo.pages.LaptopsAndNoteBooksPage.verifyTextMacBookInShopping(LaptopsAndNoteBooksPage.java:157)
  com.tutorialsninja.demo.pages.LaptopsAndNoteBooksPage.verifyTextMacBookInShopping(LaptopsAndNoteBooksPage.java:157)
  com.tutorialsninja.demo.pages.LaptopsAndNoteBooksPage.verifyTextMacBookInShopping(LaptopsAndNoteBooksPage.java:157)
  com.tutorialsninja.demo.pages.LaptopsAndNoteBooksPage.verifyTextMacBookInShopping(LaptopsAndNoteBooksPage.java:157)
  com.tutorialsninja.demo.pages.LaptopsAndNoteBooksPage.verifyTextMacBookInShopping(LaptopsAndNoteBooksPage.java:157)
  com.tutorialsninja.demo.pages.LaptopsAndNoteBooksPage.verifyTextMacBookInShopping(LaptopsAndNoteBooksPage.java:157)
  com.tutorialsninja.demo.pages.LaptopsAndNoteBooksPage.verifyTextMacBookInShopping(LaptopsAndNoteBooksPage.java:157)
  com.tutorialsninja.demo.pages.LaptopsAndNoteBooksPage.verifyTextMacBookInShopping(LaptopsAndNoteBooksPage.java:157)
  com.tutorialsninja.demo.pages.LaptopsAndNoteBooksPage.verifyTextMacBookInShopping(LaptopsAndNoteBooksPage.java:157)
  com.tutorialsninja.demo.pages.LaptopsAndNoteBooksPage.verifyTextMacBookInShopping(LaptopsAndNoteBooksPage.java:157)
  com.tutorialsninja.demo.pages.LaptopsAndNoteBooksPage.verifyTextMacBookInShopping(LaptopsAndNoteBooksPage.java:157)
  com.tutorialsninja.demo.pages.LaptopsAndNoteBooksPage.verifyTextMacBookInShopping(LaptopsAndNoteBooksPage.java:157)
  com.tutorialsninja.demo.pages.LaptopsAndNoteBooksPage.verifyTextMacBookInShopping(LaptopsAndNoteBooksPage.java:157)
  com.tutorialsninja.demo.pages.LaptopsAndNoteBooksPage.verifyTextMacBookInShopping(LaptopsAndNoteBooksPage.java:157)
  com.tutorialsninja.demo.pages.LaptopsAndNoteBooksPage.verifyTextMacBookInShopping(LaptopsAndNoteBooksPage.java:157)
  com.tutorialsninja.demo.pages.LaptopsAndNoteBooksPage.verifyTextMacBookInShopping(LaptopsAndNoteBooksPage.java:157)
  com.tutorialsninja.demo.pages.LaptopsAndNoteBooksPage.verifyTextMacBookInShopping(LaptopsAndNoteBooksPage.java:157)
  com.tutorialsninja.demo.pages.LaptopsAndNoteBooksPage.verifyTextMacBookInShopping(LaptopsAndNoteBooksPage.java:157)
  com.tutorialsninja.demo.pages.LaptopsAndNoteBooksPage.verifyTextMacBookInShopping(LaptopsAndNoteBooksPage.java:157)
  com.tutorialsninja.demo.pages.LaptopsAndNoteBooksPage.verifyTextMacBookInShopping(LaptopsAndNoteBooksPage.java:157)
  com.tutorialsninja.demo.pages.LaptopsAndNoteBooksPage.verifyTextMacBookInShopping(LaptopsAndNoteBooksPage.java:157)
  com.tutorialsninja.demo.pages.LaptopsAndNoteBooksPage.verifyTextMacBookInShopping(LaptopsAndNoteBooksPage.java:157)
  com.tutorialsninja.demo.pages.LaptopsAndNoteBooksPage.verifyTextMacBookInShopping(LaptopsAndNoteBooksPage.java:157)
  com.tutorialsninja.demo.pages.LaptopsAndNoteBooksPage.verifyTextMacBookInShopping(LaptopsAndNoteBooksPage.java:157)
  com.tutorialsninja.demo.pages.LaptopsAndNoteBooksPage.verifyTextMacBookInShopping(LaptopsAndNoteBooksPage.java:157)
  com.tutorialsninja.demo.pages.LaptopsAndNoteBooksPage.verifyTextMacBookInShopping(LaptopsAndNoteBooksPage.java:157)
  com.tutorialsninja.demo.pages.LaptopsAndNoteBooksPage.verifyTextMacBookInShopping(LaptopsAndNoteBooksPage.java:157)
  com.tutorialsninja.demo.pages.LaptopsAndNoteBooksPage.verifyTextMacBookInShopping(LaptopsAndNoteBooksPage.java:157)
  com.tutorialsninja.demo.pages.LaptopsAndNoteBooksPage.verifyTextMacBookInShopping(LaptopsAndNoteBooksPage.java:157)
  com.tutorialsninja.demo.pages.LaptopsAndNoteBooksPage.verifyTextMacBookInShopping(LaptopsAndNoteBooksPage.java:157)
  com.tutorialsninja.demo.pages.LaptopsAndNoteBooksPage.verifyTextMacBookInShopping(LaptopsAndNoteBooksPage.java:157)
  com.tutorialsninja.demo.pages.LaptopsAndNoteBooksPage.verifyTextMacBookInShopping(LaptopsAndNoteBooksPage.java:157)
  com.tutorialsninja.demo.pages.LaptopsAndNoteBooksPage.verifyTextMacBookInShopping(LaptopsAndNoteBooksPage.java:157)
  com.tutorialsninja.demo.pages.LaptopsAndNoteBooksPage.verifyTextMacBookInShopping(LaptopsAndNoteBooksPage.java:157)
  com.tutorialsninja.demo.pages.LaptopsAndNoteBooksPage.verifyTextMacBookInShopping(LaptopsAndNoteBooksPage.java:157)
  com.tutorialsninja.demo.pages.LaptopsAndNoteBooksPage.verifyTextMacBookInShopping(LaptopsAndNoteBooksPage.java:157)
  com.tutorialsninja.demo.pages.LaptopsAndNoteBooksPage.verifyTextMacBookInShopping(LaptopsAndNoteBooksPage.java:157)
  com.tutorialsninja.demo.pages.LaptopsAndNoteBooksPage.verifyTextMacBookInShopping(LaptopsAndNoteBooksPage.java:157)
  com.tutorialsninja.demo.pages.LaptopsAndNoteBooksPage.verifyTextMacBookInShopping(LaptopsAndNoteBooksPage.java:157)
  com.tutorialsninja.demo.pages.LaptopsAndNoteBooksPage.verifyTextMacBookInShopping(LaptopsAndNoteBooksPage.java:157)
  com.tutorialsninja.demo.pages.LaptopsAndNoteBooksPage.verifyTextMacBookInShopping(LaptopsAndNoteBooksPage.java:157)
  com.tutorialsninja.demo.pages.LaptopsAndNoteBooksPage.verifyTextMacBookInShopping(LaptopsAndNoteBooksPage.java:157)
  com.tutorialsninja.demo.pages.LaptopsAndNoteBooksPage.verifyTextMacBookInShopping(LaptopsAndNoteBooksPage.java:157)
  com.tutorialsninja.demo.pages.LaptopsAndNoteBooksPage.verifyTextMacBookInShopping(LaptopsAndNoteBooksPage.java:157)
  com.tutorialsninja.demo.pages.LaptopsAndNoteBooksPage.verifyTextMacBookInShopping(LaptopsAndNoteBooksPage.java:157)
  com.tutorialsninja.demo.pages.LaptopsAndNoteBooksPage.verifyTextMacBookInShopping(LaptopsAndNoteBooksPage.java:157)
  com.tutorialsninja.demo.pages.LaptopsAndNoteBooksPage.verifyTextMacBookInShopping(LaptopsAndNoteBooksPage.java:157)
  com.tutorialsninja.demo.pages.LaptopsAndNoteBooksPage.verifyTextMacBookInShopping(LaptopsAndNoteBooksPage.java:157)
  com.tutorialsninja.demo.pages.LaptopsAndNoteBooksPage.verifyTextMacBookInShopping(LaptopsAndNoteBooksPage.java:157)
  com.tutorialsninja.demo.pages.LaptopsAndNoteBooksPage.verifyTextMacBookInShopping(LaptopsAndNoteBooksPage.java:157)
  com.tutorialsninja.demo.pages.LaptopsAndNoteBooksPage.verifyTextMacBookInShopping(LaptopsAndNoteBooksPage.java:157)
  com.tutorialsninja.demo.pages.LaptopsAndNoteBooksPage.verifyTextMacBookInShopping(LaptopsAndNoteBooksPage.java:157)
  com.tutorialsninja.demo.pages.LaptopsAndNoteBooksPage.verifyTextMacBookInShopping(LaptopsAndNoteBooksPage.java:157)
  com.tutorialsninja.demo.pages.LaptopsAndNoteBooksPage.verifyTextMacBookInShopping(LaptopsAndNoteBooksPage.java:157)
  com.tutorialsninja.demo.pages.LaptopsAndNoteBooksPage.verifyTextMacBookInShopping(LaptopsAndNoteBooksPage.java:157)
  com.tutorialsninja.demo.pages.LaptopsAndNoteBooksPage.verifyTextMacBookInShopping(LaptopsAndNoteBooksPage.java:157)
  com.tutorialsninja.demo.pages.LaptopsAndNoteBooksPage.verifyTextMacBookInShopping(LaptopsAndNoteBooksPage.java:157)
  com.tutorialsninja.demo.pages.LaptopsAndNoteBooksPage.verifyTextMacBookInShopping(LaptopsAndNoteBooksPage.java:157)
  com.tutorialsninja.demo.pages.LaptopsAndNoteBooksPage.verifyTextMacBookInShopping(LaptopsAndNoteBooksPage.java:157)
  com.tutorialsninja.demo.pages.LaptopsAndNoteBooksPage.verifyTextMacBookInShopping(LaptopsAndNoteBooksPage.java:157)
  com.tutorialsninja.demo.pages.LaptopsAndNoteBooksPage.verifyTextMacBookInShopping(LaptopsAndNoteBooksPage.java:157)
  com.tutorialsninja.demo.pages.LaptopsAndNoteBooksPage.verifyTextMacBookInShopping(LaptopsAndNoteBooksPage.java:157)
  com.tutorialsninja.demo.pages.LaptopsAndNoteBooksPage.verifyTextMacBookInShopping(LaptopsAndNoteBooksPage.java:157)
  com.tutorialsninja.demo.pages.LaptopsAndNoteBooksPage.verifyTextMacBookInShopping(LaptopsAndNoteBooksPage.java:157)
  com.tutorialsninja.demo.pages.LaptopsAndNoteBooksPage.verifyTextMacBookInShopping(LaptopsAndNoteBooksPage.java:157)
  com.tutorialsninja.demo.pages.LaptopsAndNoteBooksPage.verifyTextMacBookInShopping(LaptopsAndNoteBooksPage.java:157)
  com.tutorialsninja.demo.pages.LaptopsAndNoteBooksPage.verifyTextMacBookInShopping(LaptopsAndNoteBooksPage.java:157)
  com.tutorialsninja.demo.pages.LaptopsAndNoteBooksPage.verifyTextMacBookInShopping(LaptopsAndNoteBooksPage.java:157)
  com.tutorialsninja.demo.pages.LaptopsAndNoteBooksPage.verifyTextMacBookInShopping(LaptopsAndNoteBooksPage.java:157)
  com.tutorialsninja.demo.pages.LaptopsAndNoteBooksPage.verifyTextMacBookInShopping(LaptopsAndNoteBooksPage.java:157)
  com.tutorialsninja.demo.pages.LaptopsAndNoteBooksPage.verifyTextMacBookInShopping(LaptopsAndNoteBooksPage.java:157)
  com.tutorialsninja.demo.pages.LaptopsAndNoteBooksPage.verifyTextMacBookInShopping(LaptopsAndNoteBooksPage.java:157)
  com.tutorialsninja.demo.pages.LaptopsAndNoteBooksPage.verifyTextMacBookInShopping(LaptopsAndNoteBooksPage.java:157)
  com.tutorialsninja.demo.pages.LaptopsAndNoteBooksPage.verifyTextMacBookInShopping(LaptopsAndNoteBooksPage.java:157)
  com.tutorialsninja.demo.pages.LaptopsAndNoteBooksPage.verifyTextMacBookInShopping(LaptopsAndNoteBooksPage.java:157)
  com.tutorialsninja.demo.pages.LaptopsAndNoteBooksPage.verifyTextMacBookInShopping(LaptopsAndNoteBooksPage.java:157)
  com.tutorialsninja.demo.pages.LaptopsAndNoteBooksPage.verifyTextMacBookInShopping(LaptopsAndNoteBooksPage.java:157)
  com.tutorialsninja.demo.pages.LaptopsAndNoteBooksPage.verifyTextMacBookInShopping(LaptopsAndNoteBooksPage.java:157)
  com.tutorialsninja.demo.pages.LaptopsAndNoteBooksPage.verifyTextMacBookInShopping(LaptopsAndNoteBooksPage.java:157)
  com.tutorialsninja.demo.pages.LaptopsAndNoteBooksPage.verifyTextMacBookInShopping(LaptopsAndNoteBooksPage.java:157)
  com.tutorialsninja.demo.pages.LaptopsAndNoteBooksPage.verifyTextMacBookInShopping(LaptopsAndNoteBooksPage.java:157)
  com.tutorialsninja.demo.pages.LaptopsAndNoteBooksPage.verifyTextMacBookInShopping(LaptopsAndNoteBooksPage.java:157)
  com.tutorialsninja.demo.pages.LaptopsAndNoteBooksPage.verifyTextMacBookInShopping(LaptopsAndNoteBooksPage.java:157)
  com.tutorialsninja.demo.pages.LaptopsAndNoteBooksPage.verifyTextMacBookInShopping(LaptopsAndNoteBooksPage.java:157)
  com.tutorialsninja.demo.pages.LaptopsAndNoteBooksPage.verifyTextMacBookInShopping(LaptopsAndNoteBooksPage.java:157)
  com.tutorialsninja.demo.pages.LaptopsAndNoteBooksPage.verifyTextMacBookInShopping(LaptopsAndNoteBooksPage.java:157)
  com.tutorialsninja.demo.pages.LaptopsAndNoteBooksPage.verifyTextMacBookInShopping(LaptopsAndNoteBooksPage.java:157)
  com.tutorialsninja.demo.pages.LaptopsAndNoteBooksPage.verifyTextMacBookInShopping(LaptopsAndNoteBooksPage.java:157)
  com.tutorialsninja.demo.pages.LaptopsAndNoteBooksPage.verifyTextMacBookInShopping(LaptopsAndNoteBooksPage.java:157)
  com.tutorialsninja.demo.pages.LaptopsAndNoteBooksPage.verifyTextMacBookInShopping(LaptopsAndNoteBooksPage.java:157)
  com.tutorialsninja.demo.pages.LaptopsAndNoteBooksPage.verifyTextMacBookInShopping(LaptopsAndNoteBooksPage.java:157)
  com.tutorialsninja.demo.pages.LaptopsAndNoteBooksPage.verifyTextMacBookInShopping(LaptopsAndNoteBooksPage.java:157)
  com.tutorialsninja.demo.pages.LaptopsAndNoteBooksPage.verifyTextMacBookInShopping(LaptopsAndNoteBooksPage.java:157)
  com.tutorialsninja.demo.pages.LaptopsAndNoteBooksPage.verifyTextMacBookInShopping(LaptopsAndNoteBooksPage.java:157)
  com.tutorialsninja.demo.pages.LaptopsAndNoteBooksPage.verifyTextMacBookInShopping(LaptopsAndNoteBooksPage.java:157)
  com.tutorialsninja.demo.pages.LaptopsAndNoteBooksPage.verifyTextMacBookInShopping(LaptopsAndNoteBooksPage.java:157)
  com.tutorialsninja.demo.pages.LaptopsAndNoteBooksPage.verifyTextMacBookInShopping(LaptopsAndNoteBooksPage.java:157)
  com.tutorialsninja.demo.pages.LaptopsAndNoteBooksPage.verifyTextMacBookInShopping(LaptopsAndNoteBooksPage.java:157)
  com.tutorialsninja.demo.pages.LaptopsAndNoteBooksPage.verifyTextMacBookInShopping(LaptopsAndNoteBooksPage.java:157)
  com.tutorialsninja.demo.pages.LaptopsAndNoteBooksPage.verifyTextMacBookInShopping(LaptopsAndNoteBooksPage.java:157)
  com.tutorialsninja.demo.pages.LaptopsAndNoteBooksPage.verifyTextMacBookInShopping(LaptopsAndNoteBooksPage.java:157)
  com.tutorialsninja.demo.pages.LaptopsAndNoteBooksPage.verifyTextMacBookInShopping(LaptopsAndNoteBooksPage.java:157)
  com.tutorialsninja.demo.pages.LaptopsAndNoteBooksPage.verifyTextMacBookInShopping(LaptopsAndNoteBooksPage.java:157)
  com.tutorialsninja.demo.pages.LaptopsAndNoteBooksPage.verifyTextMacBookInShopping(LaptopsAndNoteBooksPage.java:157)
  com.tutorialsninja.demo.pages.LaptopsAndNoteBooksPage.verifyTextMacBookInShopping(LaptopsAndNoteBooksPage.java:157)
  com.tutorialsninja.demo.pages.LaptopsAndNoteBooksPage.verifyTextMacBookInShopping(LaptopsAndNoteBooksPage.java:157)
  com.tutorialsninja.demo.pages.LaptopsAndNoteBooksPage.verifyTextMacBookInShopping(LaptopsAndNoteBooksPage.java:157)
  com.tutorialsninja.demo.pages.LaptopsAndNoteBooksPage.verifyTextMacBookInShopping(LaptopsAndNoteBooksPage.java:157)
  com.tutorialsninja.demo.pages.LaptopsAndNoteBooksPage.verifyTextMacBookInShopping(LaptopsAndNoteBooksPage.java:157)
  com.tutorialsninja.demo.pages.LaptopsAndNoteBooksPage.verifyTextMacBookInShopping(LaptopsAndNoteBooksPage.java:157)
  com.tutorialsninja.demo.pages.LaptopsAndNoteBooksPage.verifyTextMacBookInShopping(LaptopsAndNoteBooksPage.java:157)
  com.tutorialsninja.demo.pages.LaptopsAndNoteBooksPage.verifyTextMacBookInShopping(LaptopsAndNoteBooksPage.java:157)
  com.tutorialsninja.demo.pages.LaptopsAndNoteBooksPage.verifyTextMacBookInShopping(LaptopsAndNoteBooksPage.java:157)
  com.tutorialsninja.demo.pages.LaptopsAndNoteBooksPage.verifyTextMacBookInShopping(LaptopsAndNoteBooksPage.java:157)
  com.tutorialsninja.demo.pages.LaptopsAndNoteBooksPage.verifyTextMacBookInShopping(LaptopsAndNoteBooksPage.java:157)
  com.tutorialsninja.demo.pages.LaptopsAndNoteBooksPage.verifyTextMacBookInShopping(LaptopsAndNoteBooksPage.java:157)
  com.tutorialsninja.demo.pages.LaptopsAndNoteBooksPage.verifyTextMacBookInShopping(LaptopsAndNoteBooksPage.java:157)
  com.tutorialsninja.demo.pages.LaptopsAndNoteBooksPage.verifyTextMacBookInShopping(LaptopsAndNoteBooksPage.java:157)
  com.tutorialsninja.demo.pages.LaptopsAndNoteBooksPage.verifyTextMacBookInShopping(LaptopsAndNoteBooksPage.java:157)
  com.tutorialsninja.demo.pages.LaptopsAndNoteBooksPage.verifyTextMacBookInShopping(LaptopsAndNoteBooksPage.java:157)
  com.tutorialsninja.demo.pages.LaptopsAndNoteBooksPage.verifyTextMacBookInShopping(LaptopsAndNoteBooksPage.java:157)
  com.tutorialsninja.demo.pages.LaptopsAndNoteBooksPage.verifyTextMacBookInShopping(LaptopsAndNoteBooksPage.java:157)
  com.tutorialsninja.demo.pages.LaptopsAndNoteBooksPage.verifyTextMacBookInShopping(LaptopsAndNoteBooksPage.java:157)
  com.tutorialsninja.demo.pages.LaptopsAndNoteBooksPage.verifyTextMacBookInShopping(LaptopsAndNoteBooksPage.java:157)
  com.tutorialsninja.demo.pages.LaptopsAndNoteBooksPage.verifyTextMacBookInShopping(LaptopsAndNoteBooksPage.java:157)
  com.tutorialsninja.demo.pages.LaptopsAndNoteBooksPage.verifyTextMacBookInShopping(LaptopsAndNoteBooksPage.java:157)
  com.tutorialsninja.demo.pages.LaptopsAndNoteBooksPage.verifyTextMacBookInShopping(LaptopsAndNoteBooksPage.java:157)
  com.tutorialsninja.demo.pages.LaptopsAndNoteBooksPage.verifyTextMacBookInShopping(LaptopsAndNoteBooksPage.java:157)
  com.tutorialsninja.demo.pages.LaptopsAndNoteBooksPage.verifyTextMacBookInShopping(LaptopsAndNoteBooksPage.java:157)
  com.tutorialsninja.demo.pages.LaptopsAndNoteBooksPage.verifyTextMacBookInShopping(LaptopsAndNoteBooksPage.java:157)
  com.tutorialsninja.demo.pages.LaptopsAndNoteBooksPage.verifyTextMacBookInShopping(LaptopsAndNoteBooksPage.java:157)
  com.tutorialsninja.demo.pages.LaptopsAndNoteBooksPage.verifyTextMacBookInShopping(LaptopsAndNoteBooksPage.java:157)
  com.tutorialsninja.demo.pages.LaptopsAndNoteBooksPage.verifyTextMacBookInShopping(LaptopsAndNoteBooksPage.java:157)
  com.tutorialsninja.demo.pages.LaptopsAndNoteBooksPage.verifyTextMacBookInShopping(LaptopsAndNoteBooksPage.java:157)
  com.tutorialsninja.demo.pages.LaptopsAndNoteBooksPage.verifyTextMacBookInShopping(LaptopsAndNoteBooksPage.java:157)
  com.tutorialsninja.demo.pages.LaptopsAndNoteBooksPage.verifyTextMacBookInShopping(LaptopsAndNoteBooksPage.java:157)
  com.tutorialsninja.demo.pages.LaptopsAndNoteBooksPage.verifyTextMacBookInShopping(LaptopsAndNoteBooksPage.java:157)
  com.tutorialsninja.demo.pages.LaptopsAndNoteBooksPage.verifyTextMacBookInShopping(LaptopsAndNoteBooksPage.java:157)
  com.tutorialsninja.demo.pages.LaptopsAndNoteBooksPage.verifyTextMacBookInShopping(LaptopsAndNoteBooksPage.java:157)
  com.tutorialsninja.demo.pages.LaptopsAndNoteBooksPage.verifyTextMacBookInShopping(LaptopsAndNoteBooksPage.java:157)
  com.tutorialsninja.demo.pages.LaptopsAndNoteBooksPage.verifyTextMacBookInShopping(LaptopsAndNoteBooksPage.java:157)
  com.tutorialsninja.demo.pages.LaptopsAndNoteBooksPage.verifyTextMacBookInShopping(LaptopsAndNoteBooksPage.java:157)
  com.tutorialsninja.demo.pages.LaptopsAndNoteBooksPage.verifyTextMacBookInShopping(LaptopsAndNoteBooksPage.java:157)
  com.tutorialsninja.demo.pages.LaptopsAndNoteBooksPage.verifyTextMacBookInShopping(LaptopsAndNoteBooksPage.java:157)
  com.tutorialsninja.demo.pages.LaptopsAndNoteBooksPage.verifyTextMacBookInShopping(LaptopsAndNoteBooksPage.java:157)
  com.tutorialsninja.demo.pages.LaptopsAndNoteBooksPage.verifyTextMacBookInShopping(LaptopsAndNoteBooksPage.java:157)
  com.tutorialsninja.demo.pages.LaptopsAndNoteBooksPage.verifyTextMacBookInShopping(LaptopsAndNoteBooksPage.java:157)
  com.tutorialsninja.demo.pages.LaptopsAndNoteBooksPage.verifyTextMacBookInShopping(LaptopsAndNoteBooksPage.java:157)
  com.tutorialsninja.demo.pages.LaptopsAndNoteBooksPage.verifyTextMacBookInShopping(LaptopsAndNoteBooksPage.java:157)
  com.tutorialsninja.demo.pages.LaptopsAndNoteBooksPage.verifyTextMacBookInShopping(LaptopsAndNoteBooksPage.java:157)
  com.tutorialsninja.demo.pages.LaptopsAndNoteBooksPage.verifyTextMacBookInShopping(LaptopsAndNoteBooksPage.java:157)
  com.tutorialsninja.demo.pages.LaptopsAndNoteBooksPage.verifyTextMacBookInShopping(LaptopsAndNoteBooksPage.java:157)
  com.tutorialsninja.demo.pages.LaptopsAndNoteBooksPage.verifyTextMacBookInShopping(LaptopsAndNoteBooksPage.java:157)
  com.tutorialsninja.demo.pages.LaptopsAndNoteBooksPage.verifyTextMacBookInShopping(LaptopsAndNoteBooksPage.java:157)
  com.tutorialsninja.demo.pages.LaptopsAndNoteBooksPage.verifyTextMacBookInShopping(LaptopsAndNoteBooksPage.java:157)
  com.tutorialsninja.demo.pages.LaptopsAndNoteBooksPage.verifyTextMacBookInShopping(LaptopsAndNoteBooksPage.java:157)
  com.tutorialsninja.demo.pages.LaptopsAndNoteBooksPage.verifyTextMacBookInShopping(LaptopsAndNoteBooksPage.java:157)
  com.tutorialsninja.demo.pages.LaptopsAndNoteBooksPage.verifyTextMacBookInShopping(LaptopsAndNoteBooksPage.java:157)
  com.tutorialsninja.demo.pages.LaptopsAndNoteBooksPage.verifyTextMacBookInShopping(LaptopsAndNoteBooksPage.java:157)
  com.tutorialsninja.demo.pages.LaptopsAndNoteBooksPage.verifyTextMacBookInShopping(LaptopsAndNoteBooksPage.java:157)
  com.tutorialsninja.demo.pages.LaptopsAndNoteBooksPage.verifyTextMacBookInShopping(LaptopsAndNoteBooksPage.java:157)
  com.tutorialsninja.demo.pages.LaptopsAndNoteBooksPage.verifyTextMacBookInShopping(LaptopsAndNoteBooksPage.java:157)
  com.tutorialsninja.demo.pages.LaptopsAndNoteBooksPage.verifyTextMacBookInShopping(LaptopsAndNoteBooksPage.java:157)
  com.tutorialsninja.demo.pages.LaptopsAndNoteBooksPage.verifyTextMacBookInShopping(LaptopsAndNoteBooksPage.java:157)
  com.tutorialsninja.demo.pages.LaptopsAndNoteBooksPage.verifyTextMacBookInShopping(LaptopsAndNoteBooksPage.java:157)
  com.tutorialsninja.demo.pages.LaptopsAndNoteBooksPage.verifyTextMacBookInShopping(LaptopsAndNoteBooksPage.java:157)
  com.tutorialsninja.demo.pages.LaptopsAndNoteBooksPage.verifyTextMacBookInShopping(LaptopsAndNoteBooksPage.java:157)
  com.tutorialsninja.demo.pages.LaptopsAndNoteBooksPage.verifyTextMacBookInShopping(LaptopsAndNoteBooksPage.java:157)
  com.tutorialsninja.demo.pages.LaptopsAndNoteBooksPage.verifyTextMacBookInShopping(LaptopsAndNoteBooksPage.java:157)
  com.tutorialsninja.demo.pages.LaptopsAndNoteBooksPage.verifyTextMacBookInShopping(LaptopsAndNoteBooksPage.java:157)
  com.tutorialsninja.demo.pages.LaptopsAndNoteBooksPage.verifyTextMacBookInShopping(LaptopsAndNoteBooksPage.java:157)
  com.tutorialsninja.demo.pages.LaptopsAndNoteBooksPage.verifyTextMacBookInShopping(LaptopsAndNoteBooksPage.java:157)
  com.tutorialsninja.demo.pages.LaptopsAndNoteBooksPage.verifyTextMacBookInShopping(LaptopsAndNoteBooksPage.java:157)
  com.tutorialsninja.demo.pages.LaptopsAndNoteBooksPage.verifyTextMacBookInShopping(LaptopsAndNoteBooksPage.java:157)
  com.tutorialsninja.demo.pages.LaptopsAndNoteBooksPage.verifyTextMacBookInShopping(LaptopsAndNoteBooksPage.java:157)
  com.tutorialsninja.demo.pages.LaptopsAndNoteBooksPage.verifyTextMacBookInShopping(LaptopsAndNoteBooksPage.java:157)
  com.tutorialsninja.demo.pages.LaptopsAndNoteBooksPage.verifyTextMacBookInShopping(LaptopsAndNoteBooksPage.java:157)
  com.tutorialsninja.demo.pages.LaptopsAndNoteBooksPage.verifyTextMacBookInShopping(LaptopsAndNoteBooksPage.java:157)
  com.tutorialsninja.demo.pages.LaptopsAndNoteBooksPage.verifyTextMacBookInShopping(LaptopsAndNoteBooksPage.java:157)
  com.tutorialsninja.demo.pages.LaptopsAndNoteBooksPage.verifyTextMacBookInShopping(LaptopsAndNoteBooksPage.java:157)
  com.tutorialsninja.demo.pages.LaptopsAndNoteBooksPage.verifyTextMacBookInShopping(LaptopsAndNoteBooksPage.java:157)
  com.tutorialsninja.demo.pages.LaptopsAndNoteBooksPage.verifyTextMacBookInShopping(LaptopsAndNoteBooksPage.java:157)
  com.tutorialsninja.demo.pages.LaptopsAndNoteBooksPage.verifyTextMacBookInShopping(LaptopsAndNoteBooksPage.java:157)
  com.tutorialsninja.demo.pages.LaptopsAndNoteBooksPage.verifyTextMacBookInShopping(LaptopsAndNoteBooksPage.java:157)
  com.tutorialsninja.demo.pages.LaptopsAndNoteBooksPage.verifyTextMacBookInShopping(LaptopsAndNoteBooksPage.java:157)
  com.tutorialsninja.demo.pages.LaptopsAndNoteBooksPage.verifyTextMacBookInShopping(LaptopsAndNoteBooksPage.java:157)
  com.tutorialsninja.demo.pages.LaptopsAndNoteBooksPage.verifyTextMacBookInShopping(LaptopsAndNoteBooksPage.java:157)
  com.tutorialsninja.demo.pages.LaptopsAndNoteBooksPage.verifyTextMacBookInShopping(LaptopsAndNoteBooksPage.java:157)
  com.tutorialsninja.demo.pages.LaptopsAndNoteBooksPage.verifyTextMacBookInShopping(LaptopsAndNoteBooksPage.java:157)
  com.tutorialsninja.demo.pages.LaptopsAndNoteBooksPage.verifyTextMacBookInShopping(LaptopsAndNoteBooksPage.java:157)
  com.tutorialsninja.demo.pages.LaptopsAndNoteBooksPage.verifyTextMacBookInShopping(LaptopsAndNoteBooksPage.java:157)
  com.tutorialsninja.demo.pages.LaptopsAndNoteBooksPage.verifyTextMacBookInShopping(LaptopsAndNoteBooksPage.java:157)
  com.tutorialsninja.demo.pages.LaptopsAndNoteBooksPage.verifyTextMacBookInShopping(LaptopsAndNoteBooksPage.java:157)
  com.tutorialsninja.demo.pages.LaptopsAndNoteBooksPage.verifyTextMacBookInShopping(LaptopsAndNoteBooksPage.java:157)
  com.tutorialsninja.demo.pages.LaptopsAndNoteBooksPage.verifyTextMacBookInShopping(LaptopsAndNoteBooksPage.java:157)
  com.tutorialsninja.demo.pages.LaptopsAndNoteBooksPage.verifyTextMacBookInShopping(LaptopsAndNoteBooksPage.java:157)
  com.tutorialsninja.demo.pages.LaptopsAndNoteBooksPage.verifyTextMacBookInShopping(LaptopsAndNoteBooksPage.java:157)
  com.tutorialsninja.demo.pages.LaptopsAndNoteBooksPage.verifyTextMacBookInShopping(LaptopsAndNoteBooksPage.java:157)
  com.tutorialsninja.demo.pages.LaptopsAndNoteBooksPage.verifyTextMacBookInShopping(LaptopsAndNoteBooksPage.java:157)
  com.tutorialsninja.demo.pages.LaptopsAndNoteBooksPage.verifyTextMacBookInShopping(LaptopsAndNoteBooksPage.java:157)
  com.tutorialsninja.demo.pages.LaptopsAndNoteBooksPage.verifyTextMacBookInShopping(LaptopsAndNoteBooksPage.java:157)
  com.tutorialsninja.demo.pages.LaptopsAndNoteBooksPage.verifyTextMacBookInShopping(LaptopsAndNoteBooksPage.java:157)
  com.tutorialsninja.demo.pages.LaptopsAndNoteBooksPage.verifyTextMacBookInShopping(LaptopsAndNoteBooksPage.java:157)
  com.tutorialsninja.demo.pages.LaptopsAndNoteBooksPage.verifyTextMacBookInShopping(LaptopsAndNoteBooksPage.java:157)
  com.tutorialsninja.demo.pages.LaptopsAndNoteBooksPage.verifyTextMacBookInShopping(LaptopsAndNoteBooksPage.java:157)
  com.tutorialsninja.demo.pages.LaptopsAndNoteBooksPage.verifyTextMacBookInShopping(LaptopsAndNoteBooksPage.java:157)
  com.tutorialsninja.demo.pages.LaptopsAndNoteBooksPage.verifyTextMacBookInShopping(LaptopsAndNoteBooksPage.java:157)
  com.tutorialsninja.demo.pages.LaptopsAndNoteBooksPage.verifyTextMacBookInShopping(LaptopsAndNoteBooksPage.java:157)
  com.tutorialsninja.demo.pages.LaptopsAndNoteBooksPage.verifyTextMacBookInShopping(LaptopsAndNoteBooksPage.java:157)
  com.tutorialsninja.demo.pages.LaptopsAndNoteBooksPage.verifyTextMacBookInShopping(LaptopsAndNoteBooksPage.java:157)
  com.tutorialsninja.demo.pages.LaptopsAndNoteBooksPage.verifyTextMacBookInShopping(LaptopsAndNoteBooksPage.java:157)
  com.tutorialsninja.demo.pages.LaptopsAndNoteBooksPage.verifyTextMacBookInShopping(LaptopsAndNoteBooksPage.java:157)
  com.tutorialsninja.demo.pages.LaptopsAndNoteBooksPage.verifyTextMacBookInShopping(LaptopsAndNoteBooksPage.java:157)
  com.tutorialsninja.demo.pages.LaptopsAndNoteBooksPage.verifyTextMacBookInShopping(LaptopsAndNoteBooksPage.java:157)
  com.tutorialsninja.demo.pages.LaptopsAndNoteBooksPage.verifyTextMacBookInShopping(LaptopsAndNoteBooksPage.java:157)
  com.tutorialsninja.demo.pages.LaptopsAndNoteBooksPage.verifyTextMacBookInShopping(LaptopsAndNoteBooksPage.java:157)
  com.tutorialsninja.demo.pages.LaptopsAndNoteBooksPage.verifyTextMacBookInShopping(LaptopsAndNoteBooksPage.java:157)
  com.tutorialsninja.demo.pages.LaptopsAndNoteBooksPage.verifyTextMacBookInShopping(LaptopsAndNoteBooksPage.java:157)
  com.tutorialsninja.demo.pages.LaptopsAndNoteBooksPage.verifyTextMacBookInShopping(LaptopsAndNoteBooksPage.java:157)
  com.tutorialsninja.demo.pages.LaptopsAndNoteBooksPage.verifyTextMacBookInShopping(LaptopsAndNoteBooksPage.java:157)
  com.tutorialsninja.demo.pages.LaptopsAndNoteBooksPage.verifyTextMacBookInShopping(LaptopsAndNoteBooksPage.java:157)
  com.tutorialsninja.demo.pages.LaptopsAndNoteBooksPage.verifyTextMacBookInShopping(LaptopsAndNoteBooksPage.java:157)
  com.tutorialsninja.demo.pages.LaptopsAndNoteBooksPage.verifyTextMacBookInShopping(LaptopsAndNoteBooksPage.java:157)
  com.tutorialsninja.demo.pages.LaptopsAndNoteBooksPage.verifyTextMacBookInShopping(LaptopsAndNoteBooksPage.java:157)
  com.tutorialsninja.demo.pages.LaptopsAndNoteBooksPage.verifyTextMacBookInShopping(LaptopsAndNoteBooksPage.java:157)
  com.tutorialsninja.demo.pages.LaptopsAndNoteBooksPage.verifyTextMacBookInShopping(LaptopsAndNoteBooksPage.java:157)
  com.tutorialsninja.demo.pages.LaptopsAndNoteBooksPage.verifyTextMacBookInShopping(LaptopsAndNoteBooksPage.java:157)
  com.tutorialsninja.demo.pages.LaptopsAndNoteBooksPage.verifyTextMacBookInShopping(LaptopsAndNoteBooksPage.java:157)
  com.tutorialsninja.demo.pages.LaptopsAndNoteBooksPage.verifyTextMacBookInShopping(LaptopsAndNoteBooksPage.java:157)
  com.tutorialsninja.demo.pages.LaptopsAndNoteBooksPage.verifyTextMacBookInShopping(LaptopsAndNoteBooksPage.java:157)
  com.tutorialsninja.demo.pages.LaptopsAndNoteBooksPage.verifyTextMacBookInShopping(LaptopsAndNoteBooksPage.java:157)
  com.tutorialsninja.demo.pages.LaptopsAndNoteBooksPage.verifyTextMacBookInShopping(LaptopsAndNoteBooksPage.java:157)
  com.tutorialsninja.demo.pages.LaptopsAndNoteBooksPage.verifyTextMacBookInShopping(LaptopsAndNoteBooksPage.java:157)
  com.tutorialsninja.demo.pages.LaptopsAndNoteBooksPage.verifyTextMacBookInShopping(LaptopsAndNoteBooksPage.java:157)
  com.tutorialsninja.demo.pages.LaptopsAndNoteBooksPage.verifyTextMacBookInShopping(LaptopsAndNoteBooksPage.java:157)
  com.tutorialsninja.demo.pages.LaptopsAndNoteBooksPage.verifyTextMacBookInShopping(LaptopsAndNoteBooksPage.java:157)
  com.tutorialsninja.demo.pages.LaptopsAndNoteBooksPage.verifyTextMacBookInShopping(LaptopsAndNoteBooksPage.java:157)
  com.tutorialsninja.demo.pages.LaptopsAndNoteBooksPage.verifyTextMacBookInShopping(LaptopsAndNoteBooksPage.java:157)
  com.tutorialsninja.demo.pages.LaptopsAndNoteBooksPage.verifyTextMacBookInShopping(LaptopsAndNoteBooksPage.java:157)
  com.tutorialsninja.demo.pages.LaptopsAndNoteBooksPage.verifyTextMacBookInShopping(LaptopsAndNoteBooksPage.java:157)
  com.tutorialsninja.demo.pages.LaptopsAndNoteBooksPage.verifyTextMacBookInShopping(LaptopsAndNoteBooksPage.java:157)
  com.tutorialsninja.demo.pages.LaptopsAndNoteBooksPage.verifyTextMacBookInShopping(LaptopsAndNoteBooksPage.java:157)
  com.tutorialsninja.demo.pages.LaptopsAndNoteBooksPage.verifyTextMacBookInShopping(LaptopsAndNoteBooksPage.java:157)
  com.tutorialsninja.demo.pages.LaptopsAndNoteBooksPage.verifyTextMacBookInShopping(LaptopsAndNoteBooksPage.java:157)
  com.tutorialsninja.demo.pages.LaptopsAndNoteBooksPage.verifyTextMacBookInShopping(LaptopsAndNoteBooksPage.java:157)
  com.tutorialsninja.demo.pages.LaptopsAndNoteBooksPage.verifyTextMacBookInShopping(LaptopsAndNoteBooksPage.java:157)
  com.tutorialsninja.demo.pages.LaptopsAndNoteBooksPage.verifyTextMacBookInShopping(LaptopsAndNoteBooksPage.java:157)
  com.tutorialsninja.demo.pages.LaptopsAndNoteBooksPage.verifyTextMacBookInShopping(LaptopsAndNoteBooksPage.java:157)
  com.tutorialsninja.demo.pages.LaptopsAndNoteBooksPage.verifyTextMacBookInShopping(LaptopsAndNoteBooksPage.java:157)
  com.tutorialsninja.demo.pages.LaptopsAndNoteBooksPage.verifyTextMacBookInShopping(LaptopsAndNoteBooksPage.java:157)
  com.tutorialsninja.demo.pages.LaptopsAndNoteBooksPage.verifyTextMacBookInShopping(LaptopsAndNoteBooksPage.java:157)
  com.tutorialsninja.demo.pages.LaptopsAndNoteBooksPage.verifyTextMacBookInShopping(LaptopsAndNoteBooksPage.java:157)
  com.tutorialsninja.demo.pages.LaptopsAndNoteBooksPage.verifyTextMacBookInShopping(LaptopsAndNoteBooksPage.java:157)
  com.tutorialsninja.demo.pages.LaptopsAndNoteBooksPage.verifyTextMacBookInShopping(LaptopsAndNoteBooksPage.java:157)
  com.tutorialsninja.demo.pages.LaptopsAndNoteBooksPage.verifyTextMacBookInShopping(LaptopsAndNoteBooksPage.java:157)
  com.tutorialsninja.demo.pages.LaptopsAndNoteBooksPage.verifyTextMacBookInShopping(LaptopsAndNoteBooksPage.java:157)
  com.tutorialsninja.demo.pages.LaptopsAndNoteBooksPage.verifyTextMacBookInShopping(LaptopsAndNoteBooksPage.java:157)
  com.tutorialsninja.demo.pages.LaptopsAndNoteBooksPage.verifyTextMacBookInShopping(LaptopsAndNoteBooksPage.java:157)
  com.tutorialsninja.demo.pages.LaptopsAndNoteBooksPage.verifyTextMacBookInShopping(LaptopsAndNoteBooksPage.java:157)
  com.tutorialsninja.demo.pages.LaptopsAndNoteBooksPage.verifyTextMacBookInShopping(LaptopsAndNoteBooksPage.java:157)
  com.tutorialsninja.demo.pages.LaptopsAndNoteBooksPage.verifyTextMacBookInShopping(LaptopsAndNoteBooksPage.java:157)
  com.tutorialsninja.demo.pages.LaptopsAndNoteBooksPage.verifyTextMacBookInShopping(LaptopsAndNoteBooksPage.java:157)
  com.tutorialsninja.demo.pages.LaptopsAndNoteBooksPage.verifyTextMacBookInShopping(LaptopsAndNoteBooksPage.java:157)
  com.tutorialsninja.demo.pages.LaptopsAndNoteBooksPage.verifyTextMacBookInShopping(LaptopsAndNoteBooksPage.java:157)
  com.tutorialsninja.demo.pages.LaptopsAndNoteBooksPage.verifyTextMacBookInShopping(LaptopsAndNoteBooksPage.java:157)
  com.tutorialsninja.demo.pages.LaptopsAndNoteBooksPage.verifyTextMacBookInShopping(LaptopsAndNoteBooksPage.java:157)
  com.tutorialsninja.demo.pages.LaptopsAndNoteBooksPage.verifyTextMacBookInShopping(LaptopsAndNoteBooksPage.java:157)
  com.tutorialsninja.demo.pages.LaptopsAndNoteBooksPage.verifyTextMacBookInShopping(LaptopsAndNoteBooksPage.java:157)
  com.tutorialsninja.demo.pages.LaptopsAndNoteBooksPage.verifyTextMacBookInShopping(LaptopsAndNoteBooksPage.java:157)
  com.tutorialsninja.demo.pages.LaptopsAndNoteBooksPage.verifyTextMacBookInShopping(LaptopsAndNoteBooksPage.java:157)
  com.tutorialsninja.demo.pages.LaptopsAndNoteBooksPage.verifyTextMacBookInShopping(LaptopsAndNoteBooksPage.java:157)
  com.tutorialsninja.demo.pages.LaptopsAndNoteBooksPage.verifyTextMacBookInShopping(LaptopsAndNoteBooksPage.java:157)
  com.tutorialsninja.demo.pages.LaptopsAndNoteBooksPage.verifyTextMacBookInShopping(LaptopsAndNoteBooksPage.java:157)
  com.tutorialsninja.demo.pages.LaptopsAndNoteBooksPage.verifyTextMacBookInShopping(LaptopsAndNoteBooksPage.java:157)
  com.tutorialsninja.demo.pages.LaptopsAndNoteBooksPage.verifyTextMacBookInShopping(LaptopsAndNoteBooksPage.java:157)
  com.tutorialsninja.demo.pages.LaptopsAndNoteBooksPage.verifyTextMacBookInShopping(LaptopsAndNoteBooksPage.java:157)
  com.tutorialsninja.demo.pages.LaptopsAndNoteBooksPage.verifyTextMacBookInShopping(LaptopsAndNoteBooksPage.java:157)
  com.tutorialsninja.demo.pages.LaptopsAndNoteBooksPage.verifyTextMacBookInShopping(LaptopsAndNoteBooksPage.java:157)
  com.tutorialsninja.demo.pages.LaptopsAndNoteBooksPage.verifyTextMacBookInShopping(LaptopsAndNoteBooksPage.java:157)
  com.tutorialsninja.demo.pages.LaptopsAndNoteBooksPage.verifyTextMacBookInShopping(LaptopsAndNoteBooksPage.java:157)
  com.tutorialsninja.demo.pages.LaptopsAndNoteBooksPage.verifyTextMacBookInShopping(LaptopsAndNoteBooksPage.java:157)
  com.tutorialsninja.demo.pages.LaptopsAndNoteBooksPage.verifyTextMacBookInShopping(LaptopsAndNoteBooksPage.java:157)
  com.tutorialsninja.demo.pages.LaptopsAndNoteBooksPage.verifyTextMacBookInShopping(LaptopsAndNoteBooksPage.java:157)
  com.tutorialsninja.demo.pages.LaptopsAndNoteBooksPage.verifyTextMacBookInShopping(LaptopsAndNoteBooksPage.java:157)
  com.tutorialsninja.demo.pages.LaptopsAndNoteBooksPage.verifyTextMacBookInShopping(LaptopsAndNoteBooksPage.java:157)
  com.tutorialsninja.demo.pages.LaptopsAndNoteBooksPage.verifyTextMacBookInShopping(LaptopsAndNoteBooksPage.java:157)
  com.tutorialsninja.demo.pages.LaptopsAndNoteBooksPage.verifyTextMacBookInShopping(LaptopsAndNoteBooksPage.java:157)
  com.tutorialsninja.demo.pages.LaptopsAndNoteBooksPage.verifyTextMacBookInShopping(LaptopsAndNoteBooksPage.java:157)
  com.tutorialsninja.demo.pages.LaptopsAndNoteBooksPage.verifyTextMacBookInShopping(LaptopsAndNoteBooksPage.java:157)
  com.tutorialsninja.demo.pages.LaptopsAndNoteBooksPage.verifyTextMacBookInShopping(LaptopsAndNoteBooksPage.java:157)
  com.tutorialsninja.demo.pages.LaptopsAndNoteBooksPage.verifyTextMacBookInShopping(LaptopsAndNoteBooksPage.java:157)
  com.tutorialsninja.demo.pages.LaptopsAndNoteBooksPage.verifyTextMacBookInShopping(LaptopsAndNoteBooksPage.java:157)
  com.tutorialsninja.demo.pages.LaptopsAndNoteBooksPage.verifyTextMacBookInShopping(LaptopsAndNoteBooksPage.java:157)
  com.tutorialsninja.demo.pages.LaptopsAndNoteBooksPage.verifyTextMacBookInShopping(LaptopsAndNoteBooksPage.java:157)
  com.tutorialsninja.demo.pages.LaptopsAndNoteBooksPage.verifyTextMacBookInShopping(LaptopsAndNoteBooksPage.java:157)
  com.tutorialsninja.demo.pages.LaptopsAndNoteBooksPage.verifyTextMacBookInShopping(LaptopsAndNoteBooksPage.java:157)
  com.tutorialsninja.demo.pages.LaptopsAndNoteBooksPage.verifyTextMacBookInShopping(LaptopsAndNoteBooksPage.java:157)
  com.tutorialsninja.demo.pages.LaptopsAndNoteBooksPage.verifyTextMacBookInShopping(LaptopsAndNoteBooksPage.java:157)
  com.tutorialsninja.demo.pages.LaptopsAndNoteBooksPage.verifyTextMacBookInShopping(LaptopsAndNoteBooksPage.java:157)
  com.tutorialsninja.demo.pages.LaptopsAndNoteBooksPage.verifyTextMacBookInShopping(LaptopsAndNoteBooksPage.java:157)
  com.tutorialsninja.demo.pages.LaptopsAndNoteBooksPage.verifyTextMacBookInShopping(LaptopsAndNoteBooksPage.java:157)
  com.tutorialsninja.demo.pages.LaptopsAndNoteBooksPage.verifyTextMacBookInShopping(LaptopsAndNoteBooksPage.java:157)
  com.tutorialsninja.demo.pages.LaptopsAndNoteBooksPage.verifyTextMacBookInShopping(LaptopsAndNoteBooksPage.java:157)
  com.tutorialsninja.demo.pages.LaptopsAndNoteBooksPage.verifyTextMacBookInShopping(LaptopsAndNoteBooksPage.java:157)
  com.tutorialsninja.demo.pages.LaptopsAndNoteBooksPage.verifyTextMacBookInShopping(LaptopsAndNoteBooksPage.java:157)
  com.tutorialsninja.demo.pages.LaptopsAndNoteBooksPage.verifyTextMacBookInShopping(LaptopsAndNoteBooksPage.java:157)
  com.tutorialsninja.demo.pages.LaptopsAndNoteBooksPage.verifyTextMacBookInShopping(LaptopsAndNoteBooksPage.java:157)
  com.tutorialsninja.demo.pages.LaptopsAndNoteBooksPage.verifyTextMacBookInShopping(LaptopsAndNoteBooksPage.java:157)
  com.tutorialsninja.demo.pages.LaptopsAndNoteBooksPage.verifyTextMacBookInShopping(LaptopsAndNoteBooksPage.java:157)
  com.tutorialsninja.demo.pages.LaptopsAndNoteBooksPage.verifyTextMacBookInShopping(LaptopsAndNoteBooksPage.java:157)
  com.tutorialsninja.demo.pages.LaptopsAndNoteBooksPage.verifyTextMacBookInShopping(LaptopsAndNoteBooksPage.java:157)
  com.tutorialsninja.demo.pages.LaptopsAndNoteBooksPage.verifyTextMacBookInShopping(LaptopsAndNoteBooksPage.java:157)
  com.tutorialsninja.demo.pages.LaptopsAndNoteBooksPage.verifyTextMacBookInShopping(LaptopsAndNoteBooksPage.java:157)
  com.tutorialsninja.demo.pages.LaptopsAndNoteBooksPage.verifyTextMacBookInShopping(LaptopsAndNoteBooksPage.java:157)
  com.tutorialsninja.demo.pages.LaptopsAndNoteBooksPage.verifyTextMacBookInShopping(LaptopsAndNoteBooksPage.java:157)
  com.tutorialsninja.demo.pages.LaptopsAndNoteBooksPage.verifyTextMacBookInShopping(LaptopsAndNoteBooksPage.java:157)
  com.tutorialsninja.demo.pages.LaptopsAndNoteBooksPage.verifyTextMacBookInShopping(LaptopsAndNoteBooksPage.java:157)
  com.tutorialsninja.demo.pages.LaptopsAndNoteBooksPage.verifyTextMacBookInShopping(LaptopsAndNoteBooksPage.java:157)
  com.tutorialsninja.demo.pages.LaptopsAndNoteBooksPage.verifyTextMacBookInShopping(LaptopsAndNoteBooksPage.java:157)
  com.tutorialsninja.demo.pages.LaptopsAndNoteBooksPage.verifyTextMacBookInShopping(LaptopsAndNoteBooksPage.java:157)
  com.tutorialsninja.demo.pages.LaptopsAndNoteBooksPage.verifyTextMacBookInShopping(LaptopsAndNoteBooksPage.java:157)
  com.tutorialsninja.demo.pages.LaptopsAndNoteBooksPage.verifyTextMacBookInShopping(LaptopsAndNoteBooksPage.java:157)
  com.tutorialsninja.demo.pages.LaptopsAndNoteBooksPage.verifyTextMacBookInShopping(LaptopsAndNoteBooksPage.java:157)
  com.tutorialsninja.demo.pages.LaptopsAndNoteBooksPage.verifyTextMacBookInShopping(LaptopsAndNoteBooksPage.java:157)
  com.tutorialsninja.demo.pages.LaptopsAndNoteBooksPage.verifyTextMacBookInShopping(LaptopsAndNoteBooksPage.java:157)
  com.tutorialsninja.demo.pages.LaptopsAndNoteBooksPage.verifyTextMacBookInShopping(LaptopsAndNoteBooksPage.java:157)
  com.tutorialsninja.demo.pages.LaptopsAndNoteBooksPage.verifyTextMacBookInShopping(LaptopsAndNoteBooksPage.java:157)
  com.tutorialsninja.demo.pages.LaptopsAndNoteBooksPage.verifyTextMacBookInShopping(LaptopsAndNoteBooksPage.java:157)
  com.tutorialsninja.demo.pages.LaptopsAndNoteBooksPage.verifyTextMacBookInShopping(LaptopsAndNoteBooksPage.java:157)
  com.tutorialsninja.demo.pages.LaptopsAndNoteBooksPage.verifyTextMacBookInShopping(LaptopsAndNoteBooksPage.java:157)
  com.tutorialsninja.demo.pages.LaptopsAndNoteBooksPage.verifyTextMacBookInShopping(LaptopsAndNoteBooksPage.java:157)
  com.tutorialsninja.demo.pages.LaptopsAndNoteBooksPage.verifyTextMacBookInShopping(LaptopsAndNoteBooksPage.java:157)
  com.tutorialsninja.demo.pages.LaptopsAndNoteBooksPage.verifyTextMacBookInShopping(LaptopsAndNoteBooksPage.java:157)
  com.tutorialsninja.demo.pages.LaptopsAndNoteBooksPage.verifyTextMacBookInShopping(LaptopsAndNoteBooksPage.java:157)
  com.tutorialsninja.demo.pages.LaptopsAndNoteBooksPage.verifyTextMacBookInShopping(LaptopsAndNoteBooksPage.java:157)
  com.tutorialsninja.demo.pages.LaptopsAndNoteBooksPage.verifyTextMacBookInShopping(LaptopsAndNoteBooksPage.java:157)
  com.tutorialsninja.demo.pages.LaptopsAndNoteBooksPage.verifyTextMacBookInShopping(LaptopsAndNoteBooksPage.java:157)
  com.tutorialsninja.demo.pages.LaptopsAndNoteBooksPage.verifyTextMacBookInShopping(LaptopsAndNoteBooksPage.java:157)
  com.tutorialsninja.demo.pages.LaptopsAndNoteBooksPage.verifyTextMacBookInShopping(LaptopsAndNoteBooksPage.java:157)
  com.tutorialsninja.demo.pages.LaptopsAndNoteBooksPage.verifyTextMacBookInShopping(LaptopsAndNoteBooksPage.java:157)
  com.tutorialsninja.demo.pages.LaptopsAndNoteBooksPage.verifyTextMacBookInShopping(LaptopsAndNoteBooksPage.java:157)
  com.tutorialsninja.demo.pages.LaptopsAndNoteBooksPage.verifyTextMacBookInShopping(LaptopsAndNoteBooksPage.java:157)
  com.tutorialsninja.demo.pages.LaptopsAndNoteBooksPage.verifyTextMacBookInShopping(LaptopsAndNoteBooksPage.java:157)
  com.tutorialsninja.demo.pages.LaptopsAndNoteBooksPage.verifyTextMacBookInShopping(LaptopsAndNoteBooksPage.java:157)
  com.tutorialsninja.demo.pages.LaptopsAndNoteBooksPage.verifyTextMacBookInShopping(LaptopsAndNoteBooksPage.java:157)
  com.tutorialsninja.demo.pages.LaptopsAndNoteBooksPage.verifyTextMacBookInShopping(LaptopsAndNoteBooksPage.java:157)
  com.tutorialsninja.demo.pages.LaptopsAndNoteBooksPage.verifyTextMacBookInShopping(LaptopsAndNoteBooksPage.java:157)
  com.tutorialsninja.demo.pages.LaptopsAndNoteBooksPage.verifyTextMacBookInShopping(LaptopsAndNoteBooksPage.java:157)
  com.tutorialsninja.demo.pages.LaptopsAndNoteBooksPage.verifyTextMacBookInShopping(LaptopsAndNoteBooksPage.java:157)
  com.tutorialsninja.demo.pages.LaptopsAndNoteBooksPage.verifyTextMacBookInShopping(LaptopsAndNoteBooksPage.java:157)
  com.tutorialsninja.demo.pages.LaptopsAndNoteBooksPage.verifyTextMacBookInShopping(LaptopsAndNoteBooksPage.java:157)
  com.tutorialsninja.demo.pages.LaptopsAndNoteBooksPage.verifyTextMacBookInShopping(LaptopsAndNoteBooksPage.java:157)
  com.tutorialsninja.demo.pages.LaptopsAndNoteBooksPage.verifyTextMacBookInShopping(LaptopsAndNoteBooksPage.java:157)
  com.tutorialsninja.demo.pages.LaptopsAndNoteBooksPage.verifyTextMacBookInShopping(LaptopsAndNoteBooksPage.java:157)
  com.tutorialsninja.demo.pages.LaptopsAndNoteBooksPage.verifyTextMacBookInShopping(LaptopsAndNoteBooksPage.java:157)
  com.tutorialsninja.demo.pages.LaptopsAndNoteBooksPage.verifyTextMacBookInShopping(LaptopsAndNoteBooksPage.java:157)
  com.tutorialsninja.demo.pages.LaptopsAndNoteBooksPage.verifyTextMacBookInShopping(LaptopsAndNoteBooksPage.java:157)
  com.tutorialsninja.demo.pages.LaptopsAndNoteBooksPage.verifyTextMacBookInShopping(LaptopsAndNoteBooksPage.java:157)
  com.tutorialsninja.demo.pages.LaptopsAndNoteBooksPage.verifyTextMacBookInShopping(LaptopsAndNoteBooksPage.java:157)
  com.tutorialsninja.demo.pages.LaptopsAndNoteBooksPage.verifyTextMacBookInShopping(LaptopsAndNoteBooksPage.java:157)
  com.tutorialsninja.demo.pages.LaptopsAndNoteBooksPage.verifyTextMacBookInShopping(LaptopsAndNoteBooksPage.java:157)
  com.tutorialsninja.demo.pages.LaptopsAndNoteBooksPage.verifyTextMacBookInShopping(LaptopsAndNoteBooksPage.java:157)
  com.tutorialsninja.demo.pages.LaptopsAndNoteBooksPage.verifyTextMacBookInShopping(LaptopsAndNoteBooksPage.java:157)
  com.tutorialsninja.demo.pages.LaptopsAndNoteBooksPage.verifyTextMacBookInShopping(LaptopsAndNoteBooksPage.java:157)
  com.tutorialsninja.demo.pages.LaptopsAndNoteBooksPage.verifyTextMacBookInShopping(LaptopsAndNoteBooksPage.java:157)
  com.tutorialsninja.demo.pages.LaptopsAndNoteBooksPage.verifyTextMacBookInShopping(LaptopsAndNoteBooksPage.java:157)
  com.tutorialsninja.demo.pages.LaptopsAndNoteBooksPage.verifyTextMacBookInShopping(LaptopsAndNoteBooksPage.java:157)
  com.tutorialsninja.demo.pages.LaptopsAndNoteBooksPage.verifyTextMacBookInShopping(LaptopsAndNoteBooksPage.java:157)
  com.tutorialsninja.demo.pages.LaptopsAndNoteBooksPage.verifyTextMacBookInShopping(LaptopsAndNoteBooksPage.java:157)
  com.tutorialsninja.demo.pages.LaptopsAndNoteBooksPage.verifyTextMacBookInShopping(LaptopsAndNoteBooksPage.java:157)
  com.tutorialsninja.demo.pages.LaptopsAndNoteBooksPage.verifyTextMacBookInShopping(LaptopsAndNoteBooksPage.java:157)
  com.tutorialsninja.demo.pages.LaptopsAndNoteBooksPage.verifyTextMacBookInShopping(LaptopsAndNoteBooksPage.java:157)
  com.tutorialsninja.demo.pages.LaptopsAndNoteBooksPage.verifyTextMacBookInShopping(LaptopsAndNoteBooksPage.java:157)
  com.tutorialsninja.demo.pages.LaptopsAndNoteBooksPage.verifyTextMacBookInShopping(LaptopsAndNoteBooksPage.java:157)
  com.tutorialsninja.demo.pages.LaptopsAndNoteBooksPage.verifyTextMacBookInShopping(LaptopsAndNoteBooksPage.java:157)
  com.tutorialsninja.demo.pages.LaptopsAndNoteBooksPage.verifyTextMacBookInShopping(LaptopsAndNoteBooksPage.java:157)
  com.tutorialsninja.demo.pages.LaptopsAndNoteBooksPage.verifyTextMacBookInShopping(LaptopsAndNoteBooksPage.java:157)
  com.tutorialsninja.demo.pages.LaptopsAndNoteBooksPage.verifyTextMacBookInShopping(LaptopsAndNoteBooksPage.java:157)
  com.tutorialsninja.demo.pages.LaptopsAndNoteBooksPage.verifyTextMacBookInShopping(LaptopsAndNoteBooksPage.java:157)
  com.tutorialsninja.demo.pages.LaptopsAndNoteBooksPage.verifyTextMacBookInShopping(LaptopsAndNoteBooksPage.java:157)
  com.tutorialsninja.demo.pages.LaptopsAndNoteBooksPage.verifyTextMacBookInShopping(LaptopsAndNoteBooksPage.java:157)
  com.tutorialsninja.demo.pages.LaptopsAndNoteBooksPage.verifyTextMacBookInShopping(LaptopsAndNoteBooksPage.java:157)
  com.tutorialsninja.demo.pages.LaptopsAndNoteBooksPage.verifyTextMacBookInShopping(LaptopsAndNoteBooksPage.java:157)
  com.tutorialsninja.demo.pages.LaptopsAndNoteBooksPage.verifyTextMacBookInShopping(LaptopsAndNoteBooksPage.java:157)
  com.tutorialsninja.demo.pages.LaptopsAndNoteBooksPage.verifyTextMacBookInShopping(LaptopsAndNoteBooksPage.java:157)
  com.tutorialsninja.demo.pages.LaptopsAndNoteBooksPage.verifyTextMacBookInShopping(LaptopsAndNoteBooksPage.java:157)
  com.tutorialsninja.demo.pages.LaptopsAndNoteBooksPage.verifyTextMacBookInShopping(LaptopsAndNoteBooksPage.java:157)
  com.tutorialsninja.demo.pages.LaptopsAndNoteBooksPage.verifyTextMacBookInShopping(LaptopsAndNoteBooksPage.java:157)
  com.tutorialsninja.demo.pages.LaptopsAndNoteBooksPage.verifyTextMacBookInShopping(LaptopsAndNoteBooksPage.java:157)
  com.tutorialsninja.demo.pages.LaptopsAndNoteBooksPage.verifyTextMacBookInShopping(LaptopsAndNoteBooksPage.java:157)
  com.tutorialsninja.demo.pages.LaptopsAndNoteBooksPage.verifyTextMacBookInShopping(LaptopsAndNoteBooksPage.java:157)
  com.tutorialsninja.demo.pages.LaptopsAndNoteBooksPage.verifyTextMacBookInShopping(LaptopsAndNoteBooksPage.java:157)
  com.tutorialsninja.demo.pages.LaptopsAndNoteBooksPage.verifyTextMacBookInShopping(LaptopsAndNoteBooksPage.java:157)
  com.tutorialsninja.demo.pages.LaptopsAndNoteBooksPage.verifyTextMacBookInShopping(LaptopsAndNoteBooksPage.java:157)
  com.tutorialsninja.demo.pages.LaptopsAndNoteBooksPage.verifyTextMacBookInShopping(LaptopsAndNoteBooksPage.java:157)
  com.tutorialsninja.demo.pages.LaptopsAndNoteBooksPage.verifyTextMacBookInShopping(LaptopsAndNoteBooksPage.java:157)
  com.tutorialsninja.demo.pages.LaptopsAndNoteBooksPage.verifyTextMacBookInShopping(LaptopsAndNoteBooksPage.java:157)
  com.tutorialsninja.demo.pages.LaptopsAndNoteBooksPage.verifyTextMacBookInShopping(LaptopsAndNoteBooksPage.java:157)
  com.tutorialsninja.demo.pages.LaptopsAndNoteBooksPage.verifyTextMacBookInShopping(LaptopsAndNoteBooksPage.java:157)
  com.tutorialsninja.demo.pages.LaptopsAndNoteBooksPage.verifyTextMacBookInShopping(LaptopsAndNoteBooksPage.java:157)
  com.tutorialsninja.demo.pages.LaptopsAndNoteBooksPage.verifyTextMacBookInShopping(LaptopsAndNoteBooksPage.java:157)
  com.tutorialsninja.demo.pages.LaptopsAndNoteBooksPage.verifyTextMacBookInShopping(LaptopsAndNoteBooksPage.java:157)
  com.tutorialsninja.demo.pages.LaptopsAndNoteBooksPage.verifyTextMacBookInShopping(LaptopsAndNoteBooksPage.java:157)
  com.tutorialsninja.demo.pages.LaptopsAndNoteBooksPage.verifyTextMacBookInShopping(LaptopsAndNoteBooksPage.java:157)
  com.tutorialsninja.demo.pages.LaptopsAndNoteBooksPage.verifyTextMacBookInShopping(LaptopsAndNoteBooksPage.java:157)
  com.tutorialsninja.demo.pages.LaptopsAndNoteBooksPage.verifyTextMacBookInShopping(LaptopsAndNoteBooksPage.java:157)
  com.tutorialsninja.demo.pages.LaptopsAndNoteBooksPage.verifyTextMacBookInShopping(LaptopsAndNoteBooksPage.java:157)
  com.tutorialsninja.demo.pages.LaptopsAndNoteBooksPage.verifyTextMacBookInShopping(LaptopsAndNoteBooksPage.java:157)
  com.tutorialsninja.demo.pages.LaptopsAndNoteBooksPage.verifyTextMacBookInShopping(LaptopsAndNoteBooksPage.java:157)
  com.tutorialsninja.demo.pages.LaptopsAndNoteBooksPage.verifyTextMacBookInShopping(LaptopsAndNoteBooksPage.java:157)
  com.tutorialsninja.demo.pages.LaptopsAndNoteBooksPage.verifyTextMacBookInShopping(LaptopsAndNoteBooksPage.java:157)
  com.tutorialsninja.demo.pages.LaptopsAndNoteBooksPage.verifyTextMacBookInShopping(LaptopsAndNoteBooksPage.java:157)
  com.tutorialsninja.demo.pages.LaptopsAndNoteBooksPage.verifyTextMacBookInShopping(LaptopsAndNoteBooksPage.java:157)
  com.tutorialsninja.demo.pages.LaptopsAndNoteBooksPage.verifyTextMacBookInShopping(LaptopsAndNoteBooksPage.java:157)
  com.tutorialsninja.demo.pages.LaptopsAndNoteBooksPage.verifyTextMacBookInShopping(LaptopsAndNoteBooksPage.java:157)
[...]
  com.tutorialsninja.demo.pages.LaptopsAndNoteBooksPage.verifyTextMacBookInShopping(LaptopsAndNoteBooksPage.java:157)
  com.tutorialsninja.demo.pages.LaptopsAndNoteBooksPage.verifyTextMacBookInShopping(LaptopsAndNoteBooksPage.java:157)
  com.tutorialsninja.demo.pages.LaptopsAndNoteBooksPage.verifyTextMacBookInShopping(LaptopsAndNoteBooksPage.java:157)
  com.tutorialsninja.demo.pages.LaptopsAndNoteBooksPage.verifyTextMacBookInShopping(LaptopsAndNoteBooksPage.java:157)
  com.tutorialsninja.demo.pages.LaptopsAndNoteBooksPage.verifyTextMacBookInShopping(LaptopsAndNoteBooksPage.java:157)
  com.tutorialsninja.demo.pages.LaptopsAndNoteBooksPage.verifyTextMacBookInShopping(LaptopsAndNoteBooksPage.java:157)
  com.tutorialsninja.demo.pages.LaptopsAndNoteBooksPage.verifyTextMacBookInShopping(LaptopsAndNoteBooksPage.java:157)
  com.tutorialsninja.demo.pages.LaptopsAndNoteBooksPage.verifyTextMacBookInShopping(LaptopsAndNoteBooksPage.java:157)
  com.tutorialsninja.demo.pages.LaptopsAndNoteBooksPage.verifyTextMacBookInShopping(LaptopsAndNoteBooksPage.java:157)
  com.tutorialsninja.demo.pages.LaptopsAndNoteBooksPage.verifyTextMacBookInShopping(LaptopsAndNoteBooksPage.java:157)
  com.tutorialsninja.demo.pages.LaptopsAndNoteBooksPage.verifyTextMacBookInShopping(LaptopsAndNoteBooksPage.java:157)
  com.tutorialsninja.demo.pages.LaptopsAndNoteBooksPage.verifyTextMacBookInShopping(LaptopsAndNoteBooksPage.java:157)
  com.tutorialsninja.demo.pages.LaptopsAndNoteBooksPage.verifyTextMacBookInShopping(LaptopsAndNoteBooksPage.java:157)
  com.tutorialsninja.demo.pages.LaptopsAndNoteBooksPage.verifyTextMacBookInShopping(LaptopsAndNoteBooksPage.java:157)
  com.tutorialsninja.demo.pages.LaptopsAndNoteBooksPage.verifyTextMacBookInShopping(LaptopsAndNoteBooksPage.java:157)
  com.tutorialsninja.demo.pages.LaptopsAndNoteBooksPage.verifyTextMacBookInShopping(LaptopsAndNoteBooksPage.java:157)
  com.tutorialsninja.demo.pages.LaptopsAndNoteBooksPage.verifyTextMacBookInShopping(LaptopsAndNoteBooksPage.java:157)
  com.tutorialsninja.demo.pages.LaptopsAndNoteBooksPage.verifyTextMacBookInShopping(LaptopsAndNoteBooksPage.java:157)
  com.tutorialsninja.demo.pages.LaptopsAndNoteBooksPage.verifyTextMacBookInShopping(LaptopsAndNoteBooksPage.java:157)
  com.tutorialsninja.demo.pages.LaptopsAndNoteBooksPage.verifyTextMacBookInShopping(LaptopsAndNoteBooksPage.java:157)
  com.tutorialsninja.demo.pages.LaptopsAndNoteBooksPage.verifyTextMacBookInShopping(LaptopsAndNoteBooksPage.java:157)
  com.tutorialsninja.demo.pages.LaptopsAndNoteBooksPage.verifyTextMacBookInShopping(LaptopsAndNoteBooksPage.java:157)
  com.tutorialsninja.demo.pages.LaptopsAndNoteBooksPage.verifyTextMacBookInShopping(LaptopsAndNoteBooksPage.java:157)
  com.tutorialsninja.demo.pages.LaptopsAndNoteBooksPage.verifyTextMacBookInShopping(LaptopsAndNoteBooksPage.java:157)
  com.tutorialsninja.demo.pages.LaptopsAndNoteBooksPage.verifyTextMacBookInShopping(LaptopsAndNoteBooksPage.java:157)
  com.tutorialsninja.demo.pages.LaptopsAndNoteBooksPage.verifyTextMacBookInShopping(LaptopsAndNoteBooksPage.java:157)
  com.tutorialsninja.demo.pages.LaptopsAndNoteBooksPage.verifyTextMacBookInShopping(LaptopsAndNoteBooksPage.java:157)
  com.tutorialsninja.demo.pages.LaptopsAndNoteBooksPage.verifyTextMacBookInShopping(LaptopsAndNoteBooksPage.java:157)
  com.tutorialsninja.demo.pages.LaptopsAndNoteBooksPage.verifyTextMacBookInShopping(LaptopsAndNoteBooksPage.java:157)
  com.tutorialsninja.demo.pages.LaptopsAndNoteBooksPage.verifyTextMacBookInShopping(LaptopsAndNoteBooksPage.java:157)
  com.tutorialsninja.demo.pages.LaptopsAndNoteBooksPage.verifyTextMacBookInShopping(LaptopsAndNoteBooksPage.java:157)
  com.tutorialsninja.demo.pages.LaptopsAndNoteBooksPage.verifyTextMacBookInShopping(LaptopsAndNoteBooksPage.java:157)
  com.tutorialsninja.demo.pages.LaptopsAndNoteBooksPage.verifyTextMacBookInShopping(LaptopsAndNoteBooksPage.java:157)
  com.tutorialsninja.demo.pages.LaptopsAndNoteBooksPage.verifyTextMacBookInShopping(LaptopsAndNoteBooksPage.java:157)
  com.tutorialsninja.demo.pages.LaptopsAndNoteBooksPage.verifyTextMacBookInShopping(LaptopsAndNoteBooksPage.java:157)
  com.tutorialsninja.demo.pages.LaptopsAndNoteBooksPage.verifyTextMacBookInShopping(LaptopsAndNoteBooksPage.java:157)
  com.tutorialsninja.demo.pages.LaptopsAndNoteBooksPage.verifyTextMacBookInShopping(LaptopsAndNoteBooksPage.java:157)
  com.tutorialsninja.demo.pages.LaptopsAndNoteBooksPage.verifyTextMacBookInShopping(LaptopsAndNoteBooksPage.java:157)
  com.tutorialsninja.demo.pages.LaptopsAndNoteBooksPage.verifyTextMacBookInShopping(LaptopsAndNoteBooksPage.java:157)
  com.tutorialsninja.demo.pages.LaptopsAndNoteBooksPage.verifyTextMacBookInShopping(LaptopsAndNoteBooksPage.java:157)
  com.tutorialsninja.demo.pages.LaptopsAndNoteBooksPage.verifyTextMacBookInShopping(LaptopsAndNoteBooksPage.java:157)
  com.tutorialsninja.demo.pages.LaptopsAndNoteBooksPage.verifyTextMacBookInShopping(LaptopsAndNoteBooksPage.java:157)
  com.tutorialsninja.demo.pages.LaptopsAndNoteBooksPage.verifyTextMacBookInShopping(LaptopsAndNoteBooksPage.java:157)
  com.tutorialsninja.demo.pages.LaptopsAndNoteBooksPage.verifyTextMacBookInShopping(LaptopsAndNoteBooksPage.java:157)
  com.tutorialsninja.demo.pages.LaptopsAndNoteBooksPage.verifyTextMacBookInShopping(LaptopsAndNoteBooksPage.java:157)
  com.tutorialsninja.demo.pages.LaptopsAndNoteBooksPage.verifyTextMacBookInShopping(LaptopsAndNoteBooksPage.java:157)
  com.tutorialsninja.demo.pages.LaptopsAndNoteBooksPage.verifyTextMacBookInShopping(LaptopsAndNoteBooksPage.java:157)
  com.tutorialsninja.demo.pages.LaptopsAndNoteBooksPage.verifyTextMacBookInShopping(LaptopsAndNoteBooksPage.java:157)
  com.tutorialsninja.demo.pages.LaptopsAndNoteBooksPage.verifyTextMacBookInShopping(LaptopsAndNoteBooksPage.java:157)
  com.tutorialsninja.demo.pages.LaptopsAndNoteBooksPage.verifyTextMacBookInShopping(LaptopsAndNoteBooksPage.java:157)
  com.tutorialsninja.demo.pages.LaptopsAndNoteBooksPage.verifyTextMacBookInShopping(LaptopsAndNoteBooksPage.java:157)
  com.tutorialsninja.demo.pages.LaptopsAndNoteBooksPage.verifyTextMacBookInShopping(LaptopsAndNoteBooksPage.java:157)
  com.tutorialsninja.demo.pages.LaptopsAndNoteBooksPage.verifyTextMacBookInShopping(LaptopsAndNoteBooksPage.java:157)
  com.tutorialsninja.demo.pages.LaptopsAndNoteBooksPage.verifyTextMacBookInShopping(LaptopsAndNoteBooksPage.java:157)
  com.tutorialsninja.demo.pages.LaptopsAndNoteBooksPage.verifyTextMacBookInShopping(LaptopsAndNoteBooksPage.java:157)
  com.tutorialsninja.demo.pages.LaptopsAndNoteBooksPage.verifyTextMacBookInShopping(LaptopsAndNoteBooksPage.java:157)
  com.tutorialsninja.demo.pages.LaptopsAndNoteBooksPage.verifyTextMacBookInShopping(LaptopsAndNoteBooksPage.java:157)
  com.tutorialsninja.demo.pages.LaptopsAndNoteBooksPage.verifyTextMacBookInShopping(LaptopsAndNoteBooksPage.java:157)
  com.tutorialsninja.demo.pages.LaptopsAndNoteBooksPage.verifyTextMacBookInShopping(LaptopsAndNoteBooksPage.java:157)
  com.tutorialsninja.demo.pages.LaptopsAndNoteBooksPage.verifyTextMacBookInShopping(LaptopsAndNoteBooksPage.java:157)
  com.tutorialsninja.demo.pages.LaptopsAndNoteBooksPage.verifyTextMacBookInShopping(LaptopsAndNoteBooksPage.java:157)
  com.tutorialsninja.demo.pages.LaptopsAndNoteBooksPage.verifyTextMacBookInShopping(LaptopsAndNoteBooksPage.java:157)
  com.tutorialsninja.demo.pages.LaptopsAndNoteBooksPage.verifyTextMacBookInShopping(LaptopsAndNoteBooksPage.java:157)
  com.tutorialsninja.demo.pages.LaptopsAndNoteBooksPage.verifyTextMacBookInShopping(LaptopsAndNoteBooksPage.java:157)
  com.tutorialsninja.demo.pages.LaptopsAndNoteBooksPage.verifyTextMacBookInShopping(LaptopsAndNoteBooksPage.java:157)
  com.tutorialsninja.demo.pages.LaptopsAndNoteBooksPage.verifyTextMacBookInShopping(LaptopsAndNoteBooksPage.java:157)
  com.tutorialsninja.demo.pages.LaptopsAndNoteBooksPage.verifyTextMacBookInShopping(LaptopsAndNoteBooksPage.java:157)
  com.tutorialsninja.demo.pages.LaptopsAndNoteBooksPage.verifyTextMacBookInShopping(LaptopsAndNoteBooksPage.java:157)
  com.tutorialsninja.demo.pages.LaptopsAndNoteBooksPage.verifyTextMacBookInShopping(LaptopsAndNoteBooksPage.java:157)
  com.tutorialsninja.demo.pages.LaptopsAndNoteBooksPage.verifyTextMacBookInShopping(LaptopsAndNoteBooksPage.java:157)
  com.tutorialsninja.demo.pages.LaptopsAndNoteBooksPage.verifyTextMacBookInShopping(LaptopsAndNoteBooksPage.java:157)
  com.tutorialsninja.demo.pages.LaptopsAndNoteBooksPage.verifyTextMacBookInShopping(LaptopsAndNoteBooksPage.java:157)
  com.tutorialsninja.demo.pages.LaptopsAndNoteBooksPage.verifyTextMacBookInShopping(LaptopsAndNoteBooksPage.java:157)
  com.tutorialsninja.demo.pages.LaptopsAndNoteBooksPage.verifyTextMacBookInShopping(LaptopsAndNoteBooksPage.java:157)
  com.tutorialsninja.demo.pages.LaptopsAndNoteBooksPage.verifyTextMacBookInShopping(LaptopsAndNoteBooksPage.java:157)
  com.tutorialsninja.demo.pages.LaptopsAndNoteBooksPage.verifyTextMacBookInShopping(LaptopsAndNoteBooksPage.java:157)
  com.tutorialsninja.demo.pages.LaptopsAndNoteBooksPage.verifyTextMacBookInShopping(LaptopsAndNoteBooksPage.java:157)
  com.tutorialsninja.demo.pages.LaptopsAndNoteBooksPage.verifyTextMacBookInShopping(LaptopsAndNoteBooksPage.java:157)
  com.tutorialsninja.demo.pages.LaptopsAndNoteBooksPage.verifyTextMacBookInShopping(LaptopsAndNoteBooksPage.java:157)
  com.tutorialsninja.demo.pages.LaptopsAndNoteBooksPage.verifyTextMacBookInShopping(LaptopsAndNoteBooksPage.java:157)
  com.tutorialsninja.demo.pages.LaptopsAndNoteBooksPage.verifyTextMacBookInShopping(LaptopsAndNoteBooksPage.java:157)
  com.tutorialsninja.demo.pages.LaptopsAndNoteBooksPage.verifyTextMacBookInShopping(LaptopsAndNoteBooksPage.java:157)
  com.tutorialsninja.demo.pages.LaptopsAndNoteBooksPage.verifyTextMacBookInShopping(LaptopsAndNoteBooksPage.java:157)
  com.tutorialsninja.demo.pages.LaptopsAndNoteBooksPage.verifyTextMacBookInShopping(LaptopsAndNoteBooksPage.java:157)
  com.tutorialsninja.demo.pages.LaptopsAndNoteBooksPage.verifyTextMacBookInShopping(LaptopsAndNoteBooksPage.java:157)
  com.tutorialsninja.demo.pages.LaptopsAndNoteBooksPage.verifyTextMacBookInShopping(LaptopsAndNoteBooksPage.java:157)
  com.tutorialsninja.demo.pages.LaptopsAndNoteBooksPage.verifyTextMacBookInShopping(LaptopsAndNoteBooksPage.java:157)
  com.tutorialsninja.demo.pages.LaptopsAndNoteBooksPage.verifyTextMacBookInShopping(LaptopsAndNoteBooksPage.java:157)
  com.tutorialsninja.demo.pages.LaptopsAndNoteBooksPage.verifyTextMacBookInShopping(LaptopsAndNoteBooksPage.java:157)
  com.tutorialsninja.demo.pages.LaptopsAndNoteBooksPage.verifyTextMacBookInShopping(LaptopsAndNoteBooksPage.java:157)
  com.tutorialsninja.demo.pages.LaptopsAndNoteBooksPage.verifyTextMacBookInShopping(LaptopsAndNoteBooksPage.java:157)
  com.tutorialsninja.demo.pages.LaptopsAndNoteBooksPage.verifyTextMacBookInShopping(LaptopsAndNoteBooksPage.java:157)
  com.tutorialsninja.demo.pages.LaptopsAndNoteBooksPage.verifyTextMacBookInShopping(LaptopsAndNoteBooksPage.java:157)
  com.tutorialsninja.demo.pages.LaptopsAndNoteBooksPage.verifyTextMacBookInShopping(LaptopsAndNoteBooksPage.java:157)
  com.tutorialsninja.demo.pages.LaptopsAndNoteBooksPage.verifyTextMacBookInShopping(LaptopsAndNoteBooksPage.java:157)
  com.tutorialsninja.demo.pages.LaptopsAndNoteBooksPage.verifyTextMacBookInShopping(LaptopsAndNoteBooksPage.java:157)
  com.tutorialsninja.demo.pages.LaptopsAndNoteBooksPage.verifyTextMacBookInShopping(LaptopsAndNoteBooksPage.java:157)
  com.tutorialsninja.demo.pages.LaptopsAndNoteBooksPage.verifyTextMacBookInShopping(LaptopsAndNoteBooksPage.java:157)
  com.tutorialsninja.demo.pages.LaptopsAndNoteBooksPage.verifyTextMacBookInShopping(LaptopsAndNoteBooksPage.java:157)
  com.tutorialsninja.demo.pages.LaptopsAndNoteBooksPage.verifyTextMacBookInShopping(LaptopsAndNoteBooksPage.java:157)
  com.tutorialsninja.demo.pages.LaptopsAndNoteBooksPage.verifyTextMacBookInShopping(LaptopsAndNoteBooksPage.java:157)
  com.tutorialsninja.demo.pages.LaptopsAndNoteBooksPage.verifyTextMacBookInShopping(LaptopsAndNoteBooksPage.java:157)
  com.tutorialsninja.demo.pages.LaptopsAndNoteBooksPage.verifyTextMacBookInShopping(LaptopsAndNoteBooksPage.java:157)
  com.tutorialsninja.demo.pages.LaptopsAndNoteBooksPage.verifyTextMacBookInShopping(LaptopsAndNoteBooksPage.java:157)
  com.tutorialsninja.demo.pages.LaptopsAndNoteBooksPage.verifyTextMacBookInShopping(LaptopsAndNoteBooksPage.java:157)
  com.tutorialsninja.demo.pages.LaptopsAndNoteBooksPage.verifyTextMacBookInShopping(LaptopsAndNoteBooksPage.java:157)
  com.tutorialsninja.demo.pages.LaptopsAndNoteBooksPage.verifyTextMacBookInShopping(LaptopsAndNoteBooksPage.java:157)
  com.tutorialsninja.demo.pages.LaptopsAndNoteBooksPage.verifyTextMacBookInShopping(LaptopsAndNoteBooksPage.java:157)
  com.tutorialsninja.demo.pages.LaptopsAndNoteBooksPage.verifyTextMacBookInShopping(LaptopsAndNoteBooksPage.java:157)
  com.tutorialsninja.demo.pages.LaptopsAndNoteBooksPage.verifyTextMacBookInShopping(LaptopsAndNoteBooksPage.java:157)
  com.tutorialsninja.demo.pages.LaptopsAndNoteBooksPage.verifyTextMacBookInShopping(LaptopsAndNoteBooksPage.java:157)
  com.tutorialsninja.demo.pages.LaptopsAndNoteBooksPage.verifyTextMacBookInShopping(LaptopsAndNoteBooksPage.java:157)
  com.tutorialsninja.demo.pages.LaptopsAndNoteBooksPage.verifyTextMacBookInShopping(LaptopsAndNoteBooksPage.java:157)
  com.tutorialsninja.demo.pages.LaptopsAndNoteBooksPage.verifyTextMacBookInShopping(LaptopsAndNoteBooksPage.java:157)
  com.tutorialsninja.demo.pages.LaptopsAndNoteBooksPage.verifyTextMacBookInShopping(LaptopsAndNoteBooksPage.java:157)
  com.tutorialsninja.demo.pages.LaptopsAndNoteBooksPage.verifyTextMacBookInShopping(LaptopsAndNoteBooksPage.java:157)
  com.tutorialsninja.demo.pages.LaptopsAndNoteBooksPage.verifyTextMacBookInShopping(LaptopsAndNoteBooksPage.java:157)
  com.tutorialsninja.demo.pages.LaptopsAndNoteBooksPage.verifyTextMacBookInShopping(LaptopsAndNoteBooksPage.java:157)
  com.tutorialsninja.demo.pages.LaptopsAndNoteBooksPage.verifyTextMacBookInShopping(LaptopsAndNoteBooksPage.java:157)
  com.tutorialsninja.demo.pages.LaptopsAndNoteBooksPage.verifyTextMacBookInShopping(LaptopsAndNoteBooksPage.java:157)
  com.tutorialsninja.demo.pages.LaptopsAndNoteBooksPage.verifyTextMacBookInShopping(LaptopsAndNoteBooksPage.java:157)
  com.tutorialsninja.demo.pages.LaptopsAndNoteBooksPage.verifyTextMacBookInShopping(LaptopsAndNoteBooksPage.java:157)
  com.tutorialsninja.demo.pages.LaptopsAndNoteBooksPage.verifyTextMacBookInShopping(LaptopsAndNoteBooksPage.java:157)
  com.tutorialsninja.demo.pages.LaptopsAndNoteBooksPage.verifyTextMacBookInShopping(LaptopsAndNoteBooksPage.java:157)
  com.tutorialsninja.demo.pages.LaptopsAndNoteBooksPage.verifyTextMacBookInShopping(LaptopsAndNoteBooksPage.java:157)
  com.tutorialsninja.demo.pages.LaptopsAndNoteBooksPage.verifyTextMacBookInShopping(LaptopsAndNoteBooksPage.java:157)
  com.tutorialsninja.demo.pages.LaptopsAndNoteBooksPage.verifyTextMacBookInShopping(LaptopsAndNoteBooksPage.java:157)
  com.tutorialsninja.demo.pages.LaptopsAndNoteBooksPage.verifyTextMacBookInShopping(LaptopsAndNoteBooksPage.java:157)
  com.tutorialsninja.demo.pages.LaptopsAndNoteBooksPage.verifyTextMacBookInShopping(LaptopsAndNoteBooksPage.java:157)
  com.tutorialsninja.demo.pages.LaptopsAndNoteBooksPage.verifyTextMacBookInShopping(LaptopsAndNoteBooksPage.java:157)
  com.tutorialsninja.demo.pages.LaptopsAndNoteBooksPage.verifyTextMacBookInShopping(LaptopsAndNoteBooksPage.java:157)
  com.tutorialsninja.demo.pages.LaptopsAndNoteBooksPage.verifyTextMacBookInShopping(LaptopsAndNoteBooksPage.java:157)
  com.tutorialsninja.demo.pages.LaptopsAndNoteBooksPage.verifyTextMacBookInShopping(LaptopsAndNoteBooksPage.java:157)
  com.tutorialsninja.demo.pages.LaptopsAndNoteBooksPage.verifyTextMacBookInShopping(LaptopsAndNoteBooksPage.java:157)
  com.tutorialsninja.demo.pages.LaptopsAndNoteBooksPage.verifyTextMacBookInShopping(LaptopsAndNoteBooksPage.java:157)
  com.tutorialsninja.demo.pages.LaptopsAndNoteBooksPage.verifyTextMacBookInShopping(LaptopsAndNoteBooksPage.java:157)
  com.tutorialsninja.demo.pages.LaptopsAndNoteBooksPage.verifyTextMacBookInShopping(LaptopsAndNoteBooksPage.java:157)
  com.tutorialsninja.demo.pages.LaptopsAndNoteBooksPage.verifyTextMacBookInShopping(LaptopsAndNoteBooksPage.java:157)
  com.tutorialsninja.demo.pages.LaptopsAndNoteBooksPage.verifyTextMacBookInShopping(LaptopsAndNoteBooksPage.java:157)
  com.tutorialsninja.demo.pages.LaptopsAndNoteBooksPage.verifyTextMacBookInShopping(LaptopsAndNoteBooksPage.java:157)
  com.tutorialsninja.demo.pages.LaptopsAndNoteBooksPage.verifyTextMacBookInShopping(LaptopsAndNoteBooksPage.java:157)
  com.tutorialsninja.demo.pages.LaptopsAndNoteBooksPage.verifyTextMacBookInShopping(LaptopsAndNoteBooksPage.java:157)
  com.tutorialsninja.demo.pages.LaptopsAndNoteBooksPage.verifyTextMacBookInShopping(LaptopsAndNoteBooksPage.java:157)
  com.tutorialsninja.demo.pages.LaptopsAndNoteBooksPage.verifyTextMacBookInShopping(LaptopsAndNoteBooksPage.java:157)
  com.tutorialsninja.demo.pages.LaptopsAndNoteBooksPage.verifyTextMacBookInShopping(LaptopsAndNoteBooksPage.java:157)
  com.tutorialsninja.demo.pages.LaptopsAndNoteBooksPage.verifyTextMacBookInShopping(LaptopsAndNoteBooksPage.java:157)
  com.tutorialsninja.demo.pages.LaptopsAndNoteBooksPage.verifyTextMacBookInShopping(LaptopsAndNoteBooksPage.java:157)
  com.tutorialsninja.demo.pages.LaptopsAndNoteBooksPage.verifyTextMacBookInShopping(LaptopsAndNoteBooksPage.java:157)
  com.tutorialsninja.demo.pages.LaptopsAndNoteBooksPage.verifyTextMacBookInShopping(LaptopsAndNoteBooksPage.java:157)
  com.tutorialsninja.demo.pages.LaptopsAndNoteBooksPage.verifyTextMacBookInShopping(LaptopsAndNoteBooksPage.java:157)
  com.tutorialsninja.demo.pages.LaptopsAndNoteBooksPage.verifyTextMacBookInShopping(LaptopsAndNoteBooksPage.java:157)
  com.tutorialsninja.demo.pages.LaptopsAndNoteBooksPage.verifyTextMacBookInShopping(LaptopsAndNoteBooksPage.java:157)
  com.tutorialsninja.demo.pages.LaptopsAndNoteBooksPage.verifyTextMacBookInShopping(LaptopsAndNoteBooksPage.java:157)
  com.tutorialsninja.demo.pages.LaptopsAndNoteBooksPage.verifyTextMacBookInShopping(LaptopsAndNoteBooksPage.java:157)
  com.tutorialsninja.demo.pages.LaptopsAndNoteBooksPage.verifyTextMacBookInShopping(LaptopsAndNoteBooksPage.java:157)
  com.tutorialsninja.demo.pages.LaptopsAndNoteBooksPage.verifyTextMacBookInShopping(LaptopsAndNoteBooksPage.java:157)
  com.tutorialsninja.demo.pages.LaptopsAndNoteBooksPage.verifyTextMacBookInShopping(LaptopsAndNoteBooksPage.java:157)
  com.tutorialsninja.demo.pages.LaptopsAndNoteBooksPage.verifyTextMacBookInShopping(LaptopsAndNoteBooksPage.java:157)
  com.tutorialsninja.demo.pages.LaptopsAndNoteBooksPage.verifyTextMacBookInShopping(LaptopsAndNoteBooksPage.java:157)
  com.tutorialsninja.demo.pages.LaptopsAndNoteBooksPage.verifyTextMacBookInShopping(LaptopsAndNoteBooksPage.java:157)
  com.tutorialsninja.demo.pages.LaptopsAndNoteBooksPage.verifyTextMacBookInShopping(LaptopsAndNoteBooksPage.java:157)
  com.tutorialsninja.demo.pages.LaptopsAndNoteBooksPage.verifyTextMacBookInShopping(LaptopsAndNoteBooksPage.java:157)
  com.tutorialsninja.demo.pages.LaptopsAndNoteBooksPage.verifyTextMacBookInShopping(LaptopsAndNoteBooksPage.java:157)
  com.tutorialsninja.demo.pages.LaptopsAndNoteBooksPage.verifyTextMacBookInShopping(LaptopsAndNoteBooksPage.java:157)
  com.tutorialsninja.demo.pages.LaptopsAndNoteBooksPage.verifyTextMacBookInShopping(LaptopsAndNoteBooksPage.java:157)
  com.tutorialsninja.demo.pages.LaptopsAndNoteBooksPage.verifyTextMacBookInShopping(LaptopsAndNoteBooksPage.java:157)
  com.tutorialsninja.demo.pages.LaptopsAndNoteBooksPage.verifyTextMacBookInShopping(LaptopsAndNoteBooksPage.java:157)
]]>
      </failure>

          </testcase>
  
  
            <testcase name="verifyProductsPriceDisplayHighToLowSuccessfully" time="1.373" classname="com.tutorialsninja.demo.testuit.LaptopsAndNotebooksPageTest" />
      
</testsuite>
